##########################
# read command line args #
##########################
##############################################
# clean up so cat does not do strange things #
##############################################
##################################
# split off / interpolate levels #
##################################
cdo(1) setctomiss: Process started
cdo(1) setctomiss: Process started
cdo(1) setctomiss: Process started
cdo(1) setctomiss: Process started
cdo(1) setctomiss: Process started
cdo(1) setctomiss: Process started
cdo(1) setctomiss: Process started
cdo(1) setctomiss: Process started
cdo(1) setctomiss: Process started
cdo(1) setctomiss: Process started
cdo(1) setctomiss: Process started
cdo(1) setctomiss: Process started
cdo(1) setctomiss: Process started
cdo(1) setctomiss: Process started
cdo(1) setctomiss: Process started
cdo(1) setctomiss: Process started
cdo(1) setctomiss: Process started
cdo(1) setctomiss: Process started
cdo(1) setctomiss: Process started
cdo(1) setctomiss: Process started
cdo(1) setctomiss: Process started
cdo(1) setctomiss: Process started
cdo(1) setctomiss: Process started
cdo(1) setctomiss: Process started
cdo(1) setctomiss: Process started
cdo(1) setctomiss: Process started
cdo(1) setctomiss: Process started
cdo(1) setctomiss: Process started
cdo(1) setctomiss: Process started
cdo(1) setctomiss: Process started
cdo(1) setctomiss: Process started
cdo(1) setctomiss: Process started
cdo(1) setctomiss: Process started
cdo(1) setctomiss: Process started
cdo(1) setctomiss: Process started
cdo(1) setctomiss: Process started
cdo(1) setctomiss: Process started
cdo(1) setctomiss: Process started
cdo(1) setctomiss: Process started
cdo(1) setctomiss: Process started
cdo(1) setctomiss: Process started
cdo(1) setctomiss: Process started
cdo(1) setctomiss: Process started
cdo(1) setctomiss: Process started
cdo(1) setctomiss: Process started
cdo(1) setctomiss: Process started
cdo(1) setctomiss: Process started
cdo(1) setctomiss: Process started
cdo(1) setctomiss: Process started
cdo(1) setctomiss: Process started
cdo    sellevel: Open failed on >oifs/awi3_atm_remapped_6h_pl_u_6h_pl_2025-2025.nc<
                 Unknown Error
Warning (find_time_vars): Found more than one time variable, skipped variable time_instant!
Warning (cdfInqContents): Coordinates variable time_instant can't be assigned!
Warning (find_time_vars): Found more than one time variable, skipped variable time_instant!
Warning (cdfInqContents): Coordinates variable time_instant can't be assigned!
Warning (find_time_vars): Found more than one time variable, skipped variable time_instant!
Warning (cdfInqContents): Coordinates variable time_instant can't be assigned!
Warning (find_time_vars): Found more than one time variable, skipped variable time_instant!
Warning (cdfInqContents): Coordinates variable time_instant can't be assigned!
Warning (find_time_vars): Found more than one time variable, skipped variable time_instant!
Warning (cdfInqContents): Coordinates variable time_instant can't be assigned!
Warning (find_time_vars): Found more than one time variable, skipped variable time_instant!
Warning (cdfInqContents): Coordinates variable time_instant can't be assigned!
Warning (find_time_vars): Found more than one time variable, skipped variable time_instant!
Warning (cdfInqContents): Coordinates variable time_instant can't be assigned!
Warning (find_time_vars): Found more than one time variable, skipped variable time_instant!
Warning (cdfInqContents): Coordinates variable time_instant can't be assigned!
Warning (find_time_vars): Found more than one time variable, skipped variable time_instant!
Warning (cdfInqContents): Coordinates variable time_instant can't be assigned!
Warning (find_time_vars): Found more than one time variable, skipped variable time_instant!
Warning (cdfInqContents): Coordinates variable time_instant can't be assigned!
Warning (find_time_vars): Found more than one time variable, skipped variable time_instant!
Warning (cdfInqContents): Coordinates variable time_instant can't be assigned!
Warning (find_time_vars): Found more than one time variable, skipped variable time_instant!
Warning (cdfInqContents): Coordinates variable time_instant can't be assigned!
Warning (find_time_vars): Found more than one time variable, skipped variable time_instant!
Warning (cdfInqContents): Coordinates variable time_instant can't be assigned!
Warning (find_time_vars): Found more than one time variable, skipped variable time_instant!
Warning (cdfInqContents): Coordinates variable time_instant can't be assigned!
Warning (find_time_vars): Warning (find_time_vars): Found more than one time variable, skipped variable time_instant!Found more than one time variable, skipped variable time_instant!

Warning (cdfInqContents): Coordinates variable time_instant can't be assigned!
Warning (cdfInqContents): Coordinates variable time_instant can't be assigned!
Warning (find_time_vars): Found more than one time variable, skipped variable time_instant!
Warning (cdfInqContents): Coordinates variable time_instant can't be assigned!
Warning (find_time_vars): Found more than one time variable, skipped variable time_instant!
Warning (cdfInqContents): Coordinates variable time_instant can't be assigned!
Warning (find_time_vars): Found more than one time variable, skipped variable time_instant!
Warning (cdfInqContents): Coordinates variable time_instant can't be assigned!
Warning (find_time_vars): Found more than one time variable, skipped variable time_instant!
Warning (cdfInqContents): Coordinates variable time_instant can't be assigned!
Warning (find_time_vars): Found more than one time variable, skipped variable time_instant!
Warning (cdfInqContents): Coordinates variable time_instant can't be assigned!
Warning (find_time_vars): Found more than one time variable, skipped variable time_instant!
Warning (cdfInqContents): Coordinates variable time_instant can't be assigned!
Warning (find_time_vars): Found more than one time variable, skipped variable time_instant!
Warning (cdfInqContents): Coordinates variable time_instant can't be assigned!Warning (find_time_vars): 
Found more than one time variable, skipped variable time_instant!
Warning (cdfInqContents): Coordinates variable time_instant can't be assigned!
Warning (find_time_vars): Found more than one time variable, skipped variable time_instant!
Warning (cdfInqContents): Coordinates variable time_instant can't be assigned!
Warning (find_time_vars): Found more than one time variable, skipped variable time_instant!
Warning (cdfInqContents): Coordinates variable time_instant can't be assigned!
Warning (find_time_vars): Found more than one time variable, skipped variable time_instant!
Warning (cdfInqContents): Coordinates variable time_instant can't be assigned!
Warning (find_time_vars): Found more than one time variable, skipped variable time_instant!
Warning (cdfInqContents): Coordinates variable time_instant can't be assigned!
Warning (find_time_vars): Found more than one time variable, skipped variable time_instant!
Warning (cdfInqContents): Coordinates variable time_instant can't be assigned!
Warning (find_time_vars): Found more than one time variable, skipped variable time_instant!
Warning (cdfInqContents): Coordinates variable time_instant can't be assigned!
Warning (find_time_vars): Found more than one time variable, skipped variable time_instant!
Warning (cdfInqContents): Coordinates variable time_instant can't be assigned!
Warning (find_time_vars): Found more than one time variable, skipped variable time_instant!
Warning (cdfInqContents): Coordinates variable time_instant can't be assigned!
Warning (find_time_vars): Found more than one time variable, skipped variable time_instant!
Warning (cdfInqContents): Coordinates variable time_instant can't be assigned!
Warning (find_time_vars): Found more than one time variable, skipped variable time_instant!
Warning (cdfInqContents): Coordinates variable time_instant can't be assigned!
Warning (find_time_vars): Found more than one time variable, skipped variable time_instant!
Warning (cdfInqContents): Coordinates variable time_instant can't be assigned!
Warning (find_time_vars): Found more than one time variable, skipped variable time_instant!
Warning (cdfInqContents): Coordinates variable time_instant can't be assigned!
Warning (find_time_vars): Found more than one time variable, skipped variable time_instant!
Warning (cdfInqContents): Coordinates variable time_instant can't be assigned!
Warning (find_time_vars): Found more than one time variable, skipped variable time_instant!
Warning (cdfInqContents): Coordinates variable time_instant can't be assigned!
Warning (find_time_vars): Found more than one time variable, skipped variable time_instant!
Warning (find_time_vars): Warning (cdfInqContents): Found more than one time variable, skipped variable time_instant!Coordinates variable time_instant can't be assigned!

Warning (cdfInqContents): Coordinates variable time_instant can't be assigned!
Warning (find_time_vars): Found more than one time variable, skipped variable time_instant!
Warning (cdfInqContents): Coordinates variable time_instant can't be assigned!
Warning (find_time_vars): Found more than one time variable, skipped variable time_instant!
Warning (cdfInqContents): Coordinates variable time_instant can't be assigned!
Warning (find_time_vars): Found more than one time variable, skipped variable time_instant!
Warning (cdfInqContents): Coordinates variable time_instant can't be assigned!
Warning (find_time_vars): Found more than one time variable, skipped variable time_instant!
Warning (cdfInqContents): Coordinates variable time_instant can't be assigned!
Warning (find_time_vars): Found more than one time variable, skipped variable time_instant!
Warning (cdfInqContents): Coordinates variable time_instant can't be assigned!
Warning (find_time_vars): Found more than one time variable, skipped variable time_instant!
Warning (cdfInqContents): Coordinates variable time_instant can't be assigned!
Warning (find_time_vars): Found more than one time variable, skipped variable time_instant!
Warning (cdfInqContents): Coordinates variable time_instant can't be assigned!
Warning (find_time_vars): Found more than one time variable, skipped variable time_instant!
Warning (cdfInqContents): Coordinates variable time_instant can't be assigned!
Warning (find_time_vars): Found more than one time variable, skipped variable time_instant!
Warning (cdfInqContents): Coordinates variable time_instant can't be assigned!
Error (cdf_get_vara_float): NetCDF: HDF error
Error (cdf_get_vara_float): NetCDF: HDF error
cdf_get_vara_float: ncid = 65536 varid = 2

cdf_get_vara_float: ncid = 65536 varid = 2

cdo: H5SL.c:1452: H5SL_search: Assertion `0 && "Unknown skiplist type!"' failed.
Error (cdf_get_vara_float): NetCDF: HDF error
cdo: H5Dchunk.c:3359: H5D__chunk_flush_entry: Assertion `!ent->locked' failed.
Error (cdf_put_var1_double): NetCDF: HDF error
cdo: H5Dint.c:1940: H5D_close: Assertion `H5SL_count(dataset->shared->cache.chunk.sel_chunks) == 0' failed.
cdo: H5SL.c:807: H5SL_insert_common: Assertion `!_drop->forward[_i] || !(*(const hid_t *)((_drop->forward[_i])->key) < *(const hid_t *)key)' failed.
Error (cdf_get_vara_float): NetCDF: HDF error
cdf_get_vara_float: ncid = 65536 varid = 2

Error (cdf_put_var1_double): NetCDF: HDF error
cdo: H5SL.c:1250: H5SL_remove: Assertion `!x->level' failed.
Error (cdf_put_var1_double): NetCDF: HDF error
cdo(1) setctomiss: Processed 1 variable over 1 timestep.
cdo    intlevel: Processed 249666860 values from 1 variable over 1 timestep [13.87s 2083MB].
cdo(1) setctomiss: Processed 1 variable over 1 timestep.
cdo    intlevel: Processed 249666860 values from 1 variable over 1 timestep [13.87s 2084MB].
cdo(1) setctomiss: Processed 1 variable over 1 timestep.
cdo    intlevel: Processed 249666860 values from 1 variable over 1 timestep [13.97s 2083MB].
cdo(1) setctomiss: Processed 1 variable over 1 timestep.
cdo    intlevel: Processed 249666860 values from 1 variable over 1 timestep [14.22s 2083MB].
cdo(1) setctomiss: Processed 1 variable over 1 timestep.
cdo    intlevel: Processed 249666860 values from 1 variable over 1 timestep [14.37s 2083MB].
cdo(1) setctomiss: Processed 1 variable over 1 timestep.
cdo    intlevel: Processed 249666860 values from 1 variable over 1 timestep [14.62s 2084MB].
cdo(1) setctomiss: Processed 1 variable over 1 timestep.
cdo    intlevel: Processed 249666860 values from 1 variable over 1 timestep [14.75s 2084MB].
cdo(1) setctomiss: Processed 1 variable over 1 timestep.
cdo    intlevel: Processed 249666860 values from 1 variable over 1 timestep [14.82s 2083MB].
cdo(1) setctomiss: Processed 1 variable over 1 timestep.
cdo    intlevel: Processed 249666860 values from 1 variable over 1 timestep [14.84s 2083MB].
cdo(1) setctomiss: Processed 1 variable over 1 timestep.
cdo    intlevel: Processed 249666860 values from 1 variable over 1 timestep [14.87s 2083MB].
cdo(1) setctomiss: Processed 1 variable over 1 timestep.
cdo    intlevel: Processed 249666860 values from 1 variable over 1 timestep [14.83s 2083MB].
cdo(1) setctomiss: Processed 1 variable over 1 timestep.
cdo    intlevel: Processed 249666860 values from 1 variable over 1 timestep [14.86s 2083MB].
cdo(1) setctomiss: Processed 1 variable over 1 timestep.
cdo    intlevel: Processed 249666860 values from 1 variable over 1 timestep [15.13s 2083MB].
cdo(1) setctomiss: Processed 1 variable over 1 timestep.
cdo    intlevel: Processed 249666860 values from 1 variable over 1 timestep [15.15s 2083MB].
cdo(1) setctomiss: Processed 1 variable over 1 timestep.
cdo    intlevel: Processed 249666860 values from 1 variable over 1 timestep [15.17s 2084MB].
cdo(1) setctomiss: Processed 1 variable over 1 timestep.
cdo    intlevel: Processed 249666860 values from 1 variable over 1 timestep [15.13s 2084MB].
cdo(1) setctomiss: Processed 1 variable over 1 timestep.
cdo    intlevel: Processed 249666860 values from 1 variable over 1 timestep [15.22s 2084MB].
cdo(1) setctomiss: Processed 1 variable over 1 timestep.
cdo    intlevel: Processed 249666860 values from 1 variable over 1 timestep [15.60s 2083MB].
cdo(1) setctomiss: Processed 1 variable over 1 timestep.
cdo    intlevel: Processed 249666860 values from 1 variable over 1 timestep [15.66s 2083MB].
cdo(1) setctomiss: Processed 1 variable over 1 timestep.
cdo(1) setctomiss: Processed 1 variable over 1 timestep.
cdo    intlevel: Processed 249666860 values from 1 variable over 1 timestep [15.76s 2083MB].
cdo    intlevel: Processed 249666860 values from 1 variable over 1 timestep [15.75s 2083MB].
cdo(1) setctomiss: Processed 1 variable over 1 timestep.
cdo    intlevel: Processed 249666860 values from 1 variable over 1 timestep [15.78s 2083MB].
cdo(1) setctomiss: Processed 1 variable over 1 timestep.
cdo    intlevel: Processed 249666860 values from 1 variable over 1 timestep [15.79s 2083MB].
cdo(1) setctomiss: Processed 1 variable over 1 timestep.
cdo    intlevel: Processed 249666860 values from 1 variable over 1 timestep [15.80s 2083MB].
cdo(1) setctomiss: Processed 1 variable over 1 timestep.
cdo    intlevel: Processed 249666860 values from 1 variable over 1 timestep [15.85s 2083MB].
cdo(1) setctomiss: Processed 1 variable over 1 timestep.
cdo    intlevel: Processed 249666860 values from 1 variable over 1 timestep [15.85s 2083MB].
cdo(1) setctomiss: Processed 1 variable over 1 timestep.
cdo    intlevel: Processed 249666860 values from 1 variable over 1 timestep [15.93s 2083MB].
cdo(1) setctomiss: Processed 1 variable over 1 timestep.
cdo    intlevel: Processed 249666860 values from 1 variable over 1 timestep [15.94s 2083MB].
cdo(1) setctomiss: Processed 1 variable over 1 timestep.
cdo    intlevel: Processed 249666860 values from 1 variable over 1 timestep [16.04s 2083MB].
cdo(1) setctomiss: Processed 1 variable over 1 timestep.
cdo    intlevel: Processed 249666860 values from 1 variable over 1 timestep [16.18s 2083MB].
cdo(1) setctomiss: Processed 1 variable over 1 timestep.
cdo    intlevel: Processed 249666860 values from 1 variable over 1 timestep [16.33s 2083MB].
cdo(1) setctomiss: Processed 1 variable over 1 timestep.
cdo    intlevel: Processed 249666860 values from 1 variable over 1 timestep [16.37s 2083MB].
./noncmore_preprocess_AWI-CM3-XIOS_6h.sh: line 64: 232616 Aborted                 cdo -intlevel,10,100,1000,4000 -setctomiss,0 fesom/${var}.fesom.${i}.nc fesom/${var}.fesom.${i}.int.nc
./noncmore_preprocess_AWI-CM3-XIOS_6h.sh: line 64: 232619 Segmentation fault      cdo -intlevel,10,100,1000,4000 -setctomiss,0 fesom/${var}.fesom.${i}.nc fesom/${var}.fesom.${i}.int.nc
./noncmore_preprocess_AWI-CM3-XIOS_6h.sh: line 64: 232634 Segmentation fault      cdo -intlevel,10,100,1000,4000 -setctomiss,0 fesom/${var}.fesom.${i}.nc fesom/${var}.fesom.${i}.int.nc
./noncmore_preprocess_AWI-CM3-XIOS_6h.sh: line 64: 232705 Aborted                 cdo -intlevel,10,100,1000,4000 -setctomiss,0 fesom/${var}.fesom.${i}.nc fesom/${var}.fesom.${i}.int.nc
./noncmore_preprocess_AWI-CM3-XIOS_6h.sh: line 64: 232725 Aborted                 cdo -intlevel,10,100,1000,4000 -setctomiss,0 fesom/${var}.fesom.${i}.nc fesom/${var}.fesom.${i}.int.nc
./noncmore_preprocess_AWI-CM3-XIOS_6h.sh: line 64: 232726 Aborted                 cdo -intlevel,10,100,1000,4000 -setctomiss,0 fesom/${var}.fesom.${i}.nc fesom/${var}.fesom.${i}.int.nc
./noncmore_preprocess_AWI-CM3-XIOS_6h.sh: line 64: 232735 Aborted                 cdo -intlevel,10,100,1000,4000 -setctomiss,0 fesom/${var}.fesom.${i}.nc fesom/${var}.fesom.${i}.int.nc
./noncmore_preprocess_AWI-CM3-XIOS_6h.sh: line 64: 232743 Segmentation fault      cdo -intlevel,10,100,1000,4000 -setctomiss,0 fesom/${var}.fesom.${i}.nc fesom/${var}.fesom.${i}.int.nc
./noncmore_preprocess_AWI-CM3-XIOS_6h.sh: line 64: 232798 Segmentation fault      cdo -intlevel,10,100,1000,4000 -setctomiss,0 fesom/${var}.fesom.${i}.nc fesom/${var}.fesom.${i}.int.nc
./noncmore_preprocess_AWI-CM3-XIOS_6h.sh: line 64: 232802 Segmentation fault      cdo -intlevel,10,100,1000,4000 -setctomiss,0 fesom/${var}.fesom.${i}.nc fesom/${var}.fesom.${i}.int.nc
cdo(1) setctomiss: Processed 1 variable over 1 timestep.
cdo    intlevel: Processed 249666860 values from 1 variable over 1 timestep [16.56s 2083MB].
cdo(1) setctomiss: Processed 1 variable over 1 timestep.
cdo    intlevel: Processed 249666860 values from 1 variable over 1 timestep [16.69s 2083MB].
cdo(1) setctomiss: Processed 1 variable over 1 timestep.
cdo    intlevel: Processed 249666860 values from 1 variable over 1 timestep [17.09s 2083MB].
cdo(1) setctomiss: Processed 1 variable over 1 timestep.
cdo    intlevel: Processed 249666860 values from 1 variable over 1 timestep [17.52s 2083MB].
cdo(1) setctomiss: Processed 1 variable over 1 timestep.
cdo    intlevel: Processed 249666860 values from 1 variable over 1 timestep [19.07s 2083MB].
cdo    sellevel: Processed 1 variable over 1460 timesteps [109.04s 33MB].
cdo    sellevel: Processed 1 variable over 1460 timesteps [112.54s 33MB].
cdo    sellevel: Processed 1 variable over 1464 timesteps [112.51s 33MB].
cdo    sellevel: Processed 1 variable over 1460 timesteps [112.98s 34MB].
cdo    sellevel: Processed 1 variable over 1460 timesteps [113.58s 34MB].
cdo    sellevel: Processed 1 variable over 1460 timesteps [114.05s 33MB].
cdo    sellevel: Processed 1 variable over 1460 timesteps [114.25s 33MB].
cdo    sellevel: Processed 1 variable over 1460 timesteps [114.35s 33MB].
cdo    sellevel: Processed 1 variable over 1460 timesteps [115.06s 33MB].
cdo    sellevel: Processed 1 variable over 1460 timesteps [115.42s 33MB].
cdo    sellevel: Processed 1 variable over 1460 timesteps [115.65s 33MB].
cdo    sellevel: cdo    sellevel: Processed 1 variableProcessed 1 variable over 1460 timesteps over 1460 timesteps [115.87s 33MB] [115.86s 33MB]..

cdo    sellevel: Processed 1 variable over 1460 timesteps [116.15s 34MB].
cdo    sellevel: Processed 1 variable over 1460 timesteps [116.55s 34MB].
cdo    sellevel: Processed 1 variable over 1460 timesteps [116.52s 34MB].
cdo    sellevel: Processed 1 variable over 1464 timesteps [116.66s 33MB].
cdo    sellevel: Processed 1 variable over 1460 timesteps [116.68s 34MB].
cdo    sellevel: Processed 1 variable over 1464 timesteps [116.76s 34MB].
cdo    sellevel: Processed 1 variable over 1464 timesteps [116.94s 33MB].
cdo    sellevel: Processed 1 variable over 1460 timesteps [117.46s 33MB].
cdo    sellevel: Processed 1 variablecdo    sellevel:  over 1464 timestepsProcessed 1 variable over 1460 timesteps [118.42s 33MB] [118.41s 33MB]..

cdo    sellevel: Processed 1 variable over 1460 timesteps [119.61s 34MB].
cdo    sellevel: Processed 1 variable over 1464 timesteps [122.45s 33MB].
cdo    sellevel: Processed 1 variable over 1460 timesteps [123.08s 33MB].
cdo    sellevel: Processed 1 variable over 1460 timesteps [123.30s 33MB].
cdo    sellevel: Processed 1 variable over 1460 timesteps [123.36s 33MB].
cdo    sellevel: Processed 1 variable over 1460 timesteps [124.03s 33MB].
cdo    sellevel: Processed 1 variable over 1464 timesteps [124.16s 33MB].
cdo    sellevel: Processed 1 variable over 1464 timesteps [124.61s 34MB].
cdo    sellevel: Processed 1 variable over 1464 timesteps [124.58s 34MB].
cdo    sellevel: Processed 1 variable over 1460 timesteps [124.62s 33MB].
cdo    sellevel: Processed 1 variable over 1464 timesteps [124.82s 34MB].
cdo    sellevel: Processed 1 variable over 1460 timesteps [124.90s 33MB].
cdo    sellevel: Processed 1 variable over 1464 timesteps [125.18s 34MB].
cdo    sellevel: Processed 1 variable over 1460 timesteps [125.18s 33MB].
cdo    sellevel: Processed 1 variable over 1460 timesteps [125.23s 33MB].
cdo    sellevel: Processed 1 variable over 1460 timesteps [125.25s 34MB].
cdo    sellevel: Processed 1 variable over 1460 timesteps [125.62s 34MB].
cdo    sellevel: Processed 1 variable over 1460 timesteps [125.69s 33MB].
cdo    sellevel: Processed 1 variable over 1460 timesteps [125.78s 34MB].
cdo    sellevel: Processed 1 variable over 1464 timesteps [125.88s 34MB].
cdo    sellevel: Processed 1 variable over 1460 timesteps [126.09s 33MB].
cdo    sellevel: Processed 1 variable over 1460 timesteps [126.44s 33MB].
cdo    sellevel: Processed 1 variable over 1460 timesteps [127.30s 34MB].
cdo    sellevel: Processed 1 variable over 1460 timesteps [128.49s 33MB].
cdo    sellevel: Processed 1 variable over 1460 timesteps [130.05s 34MB].
cdo    sellevel: Processed 1 variable over 1460 timesteps [137.54s 33MB].
#######################################
# cat together analysis period part 2 #
#######################################
cdo    cat: Open failed on >/home/awiiccp2/software/cmpi-tool/input/u_2025_analysis_cmpi_period_lvl.nc<
            No such file or directory
Warning (cdfInqContents): No data arrays found!
cdo    cat: Open failed on >fesom/salt.fesom.2025.int.nc<
            Unsupported file structure
Warning (find_time_vars): Warning (find_time_vars): Found more than one time variable, skipped variable time_centered!Found more than one time variable, skipped variable time_centered!

Warning (cdfInqContents): Warning (cdfInqContents): Coordinates variable time_centered can't be assigned!Coordinates variable time_centered can't be assigned!

Warning (find_time_vars): Found more than one time variable, skipped variable time_centered!
Warning (cdfInqContents): Coordinates variable time_centered can't be assigned!
Warning (find_time_vars): Warning (find_time_vars): Warning (find_time_vars): Found more than one time variable, skipped variable time_centered!Found more than one time variable, skipped variable time_centered!Found more than one time variable, skipped variable time_centered!


Warning (cdfInqContents): Warning (cdfInqContents): Coordinates variable time_centered can't be assigned!Warning (cdfInqContents): Coordinates variable time_centered can't be assigned!
Coordinates variable time_centered can't be assigned!

Warning (find_time_vars): Found more than one time variable, skipped variable time_centered!
Warning (cdfInqContents): Coordinates variable time_centered can't be assigned!
Warning (find_time_vars): Found more than one time variable, skipped variable time_centered!
Warning (cdfInqContents): Coordinates variable time_centered can't be assigned!
cdo    cat: Processed 1 variable over 12 timesteps [0.42s 33MB].
cdo    cat: Processed 1 variable over 12 timesteps [0.45s 33MB].
cdo    cat: Processed 1 variable over 12 timesteps [0.47s 33MB].
cdo    cat: Processed 1 variable over 12 timesteps [0.47s 33MB].
cdo    cat: Processed 1 variable over 12 timesteps [0.47s 33MB].
cdo    cat: Processed 1 variable over 1 timestep [0.48s 41MB].
cdo    cat: Processed 1 variable over 12 timesteps [0.48s 33MB].
cdo    cat: Processed 1 variable over 12 timesteps [0.49s 33MB].
cdo    cat: Processed 1 variable over 12 timesteps [0.50s 33MB].
cdo    cat: Processed 1 variable over 12 timesteps [0.69s 39MB].
cdo    cat: Processed 1 variable over 12 timesteps [0.69s 39MB].
cdo    cat: Processed 1 variable over 12 timesteps [0.74s 39MB].
cdo    cat: Processed 1 variable over 1460 timesteps [15.63s 35MB].
Warning (cdfInqContents): No data arrays found!
cdo    cat: Open failed on >fesom/temp.fesom.2026.int.nc<
            Unsupported file structure
Warning (find_time_vars): Found more than one time variable, skipped variable time_centered!
Warning (cdfInqContents): Coordinates variable time_centered can't be assigned!
Warning (find_time_vars): Found more than one time variable, skipped variable time_centered!
Warning (cdfInqContents): Coordinates variable time_centered can't be assigned!
Warning (find_time_vars): Found more than one time variable, skipped variable time_centered!
Warning (cdfInqContents): Coordinates variable time_centered can't be assigned!
Warning (find_time_vars): Found more than one time variable, skipped variable time_centered!
Warning (cdfInqContents): Coordinates variable time_centered can't be assigned!
Warning (find_time_vars): Found more than one time variable, skipped variable time_centered!
Warning (cdfInqContents): Coordinates variable time_centered can't be assigned!
Warning (find_time_vars): Found more than one time variable, skipped variable time_centered!
Warning (cdfInqContents): Coordinates variable time_centered can't be assigned!
Warning (find_time_vars): Found more than one time variable, skipped variable time_centered!
Warning (cdfInqContents): Coordinates variable time_centered can't be assigned!
Warning (find_time_vars): Found more than one time variable, skipped variable time_centered!
Warning (cdfInqContents): Coordinates variable time_centered can't be assigned!
cdo    cat: Processed 1 variable over 1 timestep [0.29s 41MB].
cdo    cat: Processed 2 variables over 12 timesteps [0.38s 35MB].
cdo    cat: Processed 2 variables over 12 timesteps [0.38s 35MB].
cdo    cat: Processed 2 variables over 12 timesteps [0.39s 35MB].
cdo    cat: Processed 2 variables over 12 timesteps [0.43s 35MB].
cdo    cat: Processed 2 variables over 12 timesteps [0.44s 35MB].
cdo    cat: Processed 2 variables over 12 timesteps [0.50s 35MB].
cdo    cat: Processed 2 variables over 12 timesteps [0.54s 35MB].
cdo    cat: Processed 2 variables over 12 timesteps [0.56s 35MB].
cdo    cat: Processed 2 variables over 12 timesteps [0.76s 39MB].
cdo    cat: Processed 2 variables over 12 timesteps [0.77s 39MB].
cdo    cat: Processed 2 variables over 12 timesteps [0.77s 39MB].
cdo    cat: Processed 1 variable over 1460 timesteps [17.21s 37MB].
cdo    cat: Processed 2 variables over 1460 timesteps [25.35s 37MB].
Warning (find_time_vars): Found more than one time variable, skipped variable time_centered!
Warning (cdfInqContents): Coordinates variable time_centered can't be assigned!
Warning (find_time_vars): Warning (find_time_vars): Found more than one time variable, skipped variable time_centered!Found more than one time variable, skipped variable time_centered!

Warning (cdfInqContents): Warning (cdfInqContents): Coordinates variable time_centered can't be assigned!Coordinates variable time_centered can't be assigned!

Warning (find_time_vars): Found more than one time variable, skipped variable time_centered!
Warning (cdfInqContents): Coordinates variable time_centered can't be assigned!
Warning (find_time_vars): Found more than one time variable, skipped variable time_centered!
Warning (cdfInqContents): Coordinates variable time_centered can't be assigned!
Warning (find_time_vars): Found more than one time variable, skipped variable time_centered!
Warning (cdfInqContents): Coordinates variable time_centered can't be assigned!
Warning (find_time_vars): Found more than one time variable, skipped variable time_centered!
Warning (cdfInqContents): Coordinates variable time_centered can't be assigned!
Warning (find_time_vars): Found more than one time variable, skipped variable time_centered!
Warning (cdfInqContents): Coordinates variable time_centered can't be assigned!
cdo    cat: Processed 2 variables over 12 timesteps [0.40s 35MB].
cdo    cat: Processed 2 variables over 1 timestep [0.43s 40MB].
cdo    cat: Processed 2 variables over 12 timesteps [0.43s 35MB].
cdo    cat: Processed 2 variables over 12 timesteps [0.45s 35MB].
cdo    cat: Processed 2 variables over 12 timesteps [0.47s 35MB].
cdo    cat: Processed 2 variables over 12 timesteps [0.47s 35MB].
cdo    cat: Processed 2 variables over 12 timestepscdo    cat:  [0.54s 35MB]Processed 2 variables. over 12 timesteps
 [0.54s 35MB].
cdo    cat: Processed 2 variables over 1 timestep [0.56s 40MB].
cdo    cat: Processed 2 variables over 12 timesteps [0.57s 35MB].
cdo    cat: Processed 2 variables over 12 timesteps [0.63s 39MB].
cdo    cat: Processed 2 variables over 12 timesteps [0.70s 39MB].
cdo    cat: Processed 2 variables over 12 timesteps [0.74s 39MB].
cdo    cat: Processed 2 variables over 1460 timesteps [25.67s 35MB].
cdo    cat: Processed 2 variables over 1460 timesteps [27.75s 35MB].
Warning (cdfInqContents): No data arrays found!
cdo    cat: Open failed on >fesom/temp.fesom.2028.int.nc<
            Unsupported file structure
Warning (find_time_vars): Found more than one time variable, skipped variable time_centered!
Warning (cdfInqContents): Coordinates variable time_centered can't be assigned!
Warning (find_time_vars): Found more than one time variable, skipped variable time_centered!
Warning (cdfInqContents): Coordinates variable time_centered can't be assigned!
Warning (find_time_vars): Found more than one time variable, skipped variable time_centered!
Warning (cdfInqContents): Coordinates variable time_centered can't be assigned!
Warning (find_time_vars): Found more than one time variable, skipped variable time_centered!
Warning (cdfInqContents): Coordinates variable time_centered can't be assigned!
Warning (find_time_vars): Found more than one time variable, skipped variable time_centered!
Warning (cdfInqContents): Coordinates variable time_centered can't be assigned!
Warning (find_time_vars): Found more than one time variable, skipped variable time_centered!
Warning (cdfInqContents): Coordinates variable time_centered can't be assigned!
Warning (find_time_vars): Found more than one time variable, skipped variable time_centered!
Warning (cdfInqContents): Coordinates variable time_centered can't be assigned!
Warning (find_time_vars): Found more than one time variable, skipped variable time_centered!
Warning (cdfInqContents): Coordinates variable time_centered can't be assigned!
cdo    cat: Processed 2 variables over 12 timesteps [0.36s 35MB].
cdo    cat: Processed 2 variables over 1 timestep [0.38s 40MB].
cdo    cat: Processed 2 variables over 12 timesteps [0.38s 35MB].
cdo    cat: Processed 2 variables over 12 timesteps [0.40s 35MB].
cdo    cat: Processed 2 variables over 12 timesteps [0.41s 35MB].
cdo    cat: Processed 2 variables over 12 timesteps [0.44s 35MB].
cdo    cat: Processed 2 variables over 12 timesteps [0.44s 35MB].
cdo    cat: Processed 2 variables over 12 timesteps [0.45s 35MB].
cdo    cat: Processed 2 variables over 12 timesteps [0.47s 35MB].
cdo    cat: Processed 2 variables over 12 timesteps [0.67s 39MB].
cdo    cat: Processed 2 variables over 12 timesteps [0.72s 39MB].
cdo    cat: Processed 2 variables over 12 timesteps [0.78s 39MB].
cdo    cat: Processed 2 variables over 1464 timesteps [26.56s 38MB].
cdo    cat: Processed 2 variables over 1464 timesteps [27.79s 39MB].
Warning (cdfInqContents): No data arrays found!
cdo    cat: Open failed on >fesom/salt.fesom.2029.int.nc<
            Unsupported file structure
Warning (find_time_vars): Found more than one time variable, skipped variable time_centered!
Warning (cdfInqContents): Coordinates variable time_centered can't be assigned!
Warning (find_time_vars): Found more than one time variable, skipped variable time_centered!
Warning (cdfInqContents): Coordinates variable time_centered can't be assigned!
Warning (find_time_vars): Found more than one time variable, skipped variable time_centered!
Warning (cdfInqContents): Coordinates variable time_centered can't be assigned!Warning (find_time_vars): 
Found more than one time variable, skipped variable time_centered!
Warning (cdfInqContents): Coordinates variable time_centered can't be assigned!
Warning (find_time_vars): Found more than one time variable, skipped variable time_centered!
Warning (cdfInqContents): Coordinates variable time_centered can't be assigned!
Warning (find_time_vars): Found more than one time variable, skipped variable time_centered!
Warning (cdfInqContents): Coordinates variable time_centered can't be assigned!
Warning (find_time_vars): Found more than one time variable, skipped variable time_centered!
Warning (cdfInqContents): Coordinates variable time_centered can't be assigned!
Warning (find_time_vars): Found more than one time variable, skipped variable time_centered!
Warning (cdfInqContents): Coordinates variable time_centered can't be assigned!
cdo    cat: Processed 2 variables over 12 timesteps [0.46s 35MB].
cdo    cat: Processed 2 variables over 12 timesteps [0.47s 35MB].
cdo    cat: Processed 2 variables over 12 timesteps [0.47s 35MB].
cdo    cat: Processed 2 variables over 12 timesteps [0.48s 35MB].
cdo    cat: Processed 2 variables over 1 timestep [0.51s 40MB].
cdo    cat: Processed 2 variables over 12 timesteps [0.53s 35MB].
cdo    cat: Processed 2 variables over 12 timesteps [0.56s 35MB].
cdo    cat: Processed 2 variables over 12 timesteps [0.58s 35MB].
cdo    cat: Processed 2 variables over 12 timesteps [0.58s 35MB].
cdo    cat: Processed 2 variables over 12 timesteps [0.71s 39MB].
cdo    cat: Processed 2 variables over 12 timesteps [0.82s 39MB].
cdo    cat: Processed 2 variables over 12 timesteps [1.45s 39MB].
cdo    cat: Processed 2 variables over 1460 timesteps [26.22s 39MB].
cdo    cat: Processed 2 variables over 1460 timesteps [28.52s 40MB].
Warning (cdfInqContents): No data arrays found!
cdo    cat: Open failed on >fesom/salt.fesom.2030.int.nc<
            Unsupported file structure
Warning (find_time_vars): Found more than one time variable, skipped variable time_centered!
Warning (cdfInqContents): Coordinates variable time_centered can't be assigned!
Warning (find_time_vars): Found more than one time variable, skipped variable time_centered!
Warning (cdfInqContents): Coordinates variable time_centered can't be assigned!
Warning (find_time_vars): Found more than one time variable, skipped variable time_centered!
Warning (cdfInqContents): Coordinates variable time_centered can't be assigned!
Warning (find_time_vars): Found more than one time variable, skipped variable time_centered!
Warning (cdfInqContents): Coordinates variable time_centered can't be assigned!
Warning (find_time_vars): Found more than one time variable, skipped variable time_centered!
Warning (cdfInqContents): Coordinates variable time_centered can't be assigned!
Warning (find_time_vars): Found more than one time variable, skipped variable time_centered!
Warning (cdfInqContents): Coordinates variable time_centered can't be assigned!
Warning (find_time_vars): Found more than one time variable, skipped variable time_centered!
Warning (cdfInqContents): Coordinates variable time_centered can't be assigned!
Warning (find_time_vars): Found more than one time variable, skipped variable time_centered!
Warning (cdfInqContents): Coordinates variable time_centered can't be assigned!
cdo    cat: Processed 2 variables over 12 timesteps [0.34s 35MB].
cdo    cat: Processed 2 variables over 12 timesteps [0.38s 35MB].
cdo    cat: Processed 2 variables over 12 timesteps [0.40s 35MB].
cdo    cat: Processed 2 variables over 1 timestep [0.41s 40MB].
cdo    cat: Processed 2 variables over 12 timesteps [0.42s 35MB].
cdo    cat: Processed 2 variables over 12 timesteps [0.44s 35MB].
cdo    cat: Processed 2 variables over 12 timesteps [0.46s 35MB].
cdo    cat: Processed 2 variables over 12 timesteps [0.47s 35MB].
cdo    cat: Processed 2 variables over 12 timesteps [0.52s 35MB].
cdo    cat: Processed 2 variables over 12 timesteps [0.64s 39MB].
cdo    cat: Processed 2 variables over 12 timesteps [0.72s 39MB].
cdo    cat: Processed 2 variables over 12 timesteps [0.83s 39MB].
cdo    cat: Processed 2 variables over 1460 timesteps [24.93s 37MB].
cdo    cat: Processed 2 variables over 1460 timesteps [27.99s 37MB].
Warning (find_time_vars): Found more than one time variable, skipped variable time_centered!
Warning (cdfInqContents): Coordinates variable time_centered can't be assigned!
Warning (find_time_vars): Found more than one time variable, skipped variable time_centered!
Warning (cdfInqContents): Coordinates variable time_centered can't be assigned!
Warning (find_time_vars): Found more than one time variable, skipped variable time_centered!
Warning (cdfInqContents): Coordinates variable time_centered can't be assigned!
Warning (find_time_vars): Warning (find_time_vars): Found more than one time variable, skipped variable time_centered!Found more than one time variable, skipped variable time_centered!

Warning (cdfInqContents): Warning (cdfInqContents): Coordinates variable time_centered can't be assigned!Coordinates variable time_centered can't be assigned!

Warning (find_time_vars): Found more than one time variable, skipped variable time_centered!
Warning (cdfInqContents): Coordinates variable time_centered can't be assigned!
Warning (find_time_vars): Found more than one time variable, skipped variable time_centered!
Warning (cdfInqContents): Coordinates variable time_centered can't be assigned!
Warning (find_time_vars): Found more than one time variable, skipped variable time_centered!
Warning (cdfInqContents): Coordinates variable time_centered can't be assigned!
cdo    cat: Processed 2 variables over 12 timesteps [0.36s 35MB].
cdo    cat: Processed 2 variables over 1 timestep [0.39s 40MB].
cdo    cat: Processed 2 variables over 12 timesteps [0.41s 35MB].
cdo    cat: Processed 2 variables over 12 timesteps [0.42s 35MB].
cdo    cat: Processed 2 variables over 12 timesteps [0.44s 35MB].
cdo    cat: Processed 2 variables over 12 timesteps [0.44s 35MB].
cdo    cat: Processed 2 variables over 12 timesteps [0.45s 35MB].
cdo    cat: Processed 2 variables over 12 timesteps [0.45s 35MB].
cdo    cat: Processed 2 variables over 12 timesteps [0.46s 35MB].
cdo    cat: Processed 2 variables over 1 timestep [0.47s 40MB].
cdo    cat: Processed 2 variables over 12 timesteps [0.61s 39MB].
cdo    cat: Processed 2 variables over 12 timesteps [0.63s 39MB].
cdo    cat: Processed 2 variables over 12 timesteps [0.70s 39MB].
cdo    cat: Processed 2 variables over 1460 timesteps [24.78s 38MB].
cdo    cat: Processed 2 variables over 1460 timesteps [26.91s 41MB].
Warning (find_time_vars): Found more than one time variable, skipped variable time_centered!
Warning (cdfInqContents): Coordinates variable time_centered can't be assigned!
Warning (find_time_vars): Found more than one time variable, skipped variable time_centered!
Warning (cdfInqContents): Coordinates variable time_centered can't be assigned!
Warning (find_time_vars): Found more than one time variable, skipped variable time_centered!
Warning (cdfInqContents): Coordinates variable time_centered can't be assigned!
Warning (find_time_vars): Found more than one time variable, skipped variable time_centered!Warning (find_time_vars): 
Found more than one time variable, skipped variable time_centered!
Warning (cdfInqContents): Coordinates variable time_centered can't be assigned!
Warning (cdfInqContents): Coordinates variable time_centered can't be assigned!
Warning (find_time_vars): Found more than one time variable, skipped variable time_centered!
Warning (cdfInqContents): Coordinates variable time_centered can't be assigned!
Warning (find_time_vars): Found more than one time variable, skipped variable time_centered!
Warning (cdfInqContents): Coordinates variable time_centered can't be assigned!
Warning (find_time_vars): Found more than one time variable, skipped variable time_centered!
Warning (cdfInqContents): Coordinates variable time_centered can't be assigned!
cdo    cat: Processed 2 variables over 12 timesteps [0.40s 35MB].
cdo    cat: Processed 2 variables over 12 timesteps [0.41s 35MB].
cdo    cat: Processed 2 variables over 12 timesteps [0.42s 35MB].
cdo    cat: Processed 2 variables over 1 timestep [0.42s 40MB].
cdo    cat: Processed 2 variables over 12 timesteps [0.43s 35MB].
cdo    cat: Processed 2 variables over 12 timesteps [0.45s 35MB].
cdo    cat: Processed 2 variables over 12 timesteps [0.45s 35MB].
cdo    cat: Processed 2 variables over 1 timestep [0.46s 40MB].
cdo    cat: Processed 2 variables over 12 timesteps [0.49s 35MB].
cdo    cat: Processed 2 variables over 12 timesteps [0.50s 35MB].
cdo    cat: cdo    cat: Processed 2 variablesProcessed 2 variables over 12 timesteps over 12 timesteps [0.71s 39MB] [0.71s 39MB]..

cdo    cat: Processed 2 variables over 12 timesteps [0.77s 39MB].
cdo    cat: Processed 2 variables over 1464 timesteps [25.07s 42MB].
cdo    cat: Processed 2 variables over 1464 timesteps [26.25s 38MB].
Warning (find_time_vars): Found more than one time variable, skipped variable time_centered!
Warning (cdfInqContents): Coordinates variable time_centered can't be assigned!
Warning (find_time_vars): Found more than one time variable, skipped variable time_centered!
Warning (cdfInqContents): Coordinates variable time_centered can't be assigned!
Warning (find_time_vars): Found more than one time variable, skipped variable time_centered!
Warning (cdfInqContents): Coordinates variable time_centered can't be assigned!
Warning (find_time_vars): Found more than one time variable, skipped variable time_centered!
Warning (cdfInqContents): Coordinates variable time_centered can't be assigned!
Warning (find_time_vars): Found more than one time variable, skipped variable time_centered!
Warning (cdfInqContents): Coordinates variable time_centered can't be assigned!
Warning (find_time_vars): Found more than one time variable, skipped variable time_centered!
Warning (cdfInqContents): Coordinates variable time_centered can't be assigned!
Warning (find_time_vars): Found more than one time variable, skipped variable time_centered!
Warning (cdfInqContents): Coordinates variable time_centered can't be assigned!
Warning (find_time_vars): Found more than one time variable, skipped variable time_centered!
Warning (cdfInqContents): Coordinates variable time_centered can't be assigned!
cdo    cat: Processed 2 variables over 12 timesteps [0.37s 35MB].
cdo    cat: Processed 2 variables over 12 timesteps [0.38s 35MB].
cdo    cat: Processed 2 variables over 12 timesteps [0.40s 35MB].
cdo    cat: Processed 2 variables over 12 timesteps [0.41s 35MB].
cdo    cat: Processed 2 variables over 1 timestep [0.42s 41MB].
cdo    cat: Processed 2 variables over 12 timesteps [0.46s 35MB].
cdo    cat: Processed 2 variables over 12 timesteps [0.46s 35MB].
cdo    cat: Processed 2 variables over 12 timesteps [0.53s 35MB].
cdo    cat: Processed 2 variables over 12 timesteps [0.63s 35MB].
cdo    cat: Processed 2 variables over 12 timesteps [0.64s 39MB].
cdo    cat: Processed 2 variables over 12 timesteps [0.66s 39MB].
cdo    cat: Processed 2 variables over 1 timestep [0.66s 40MB].
cdo    cat: Processed 2 variables over 12 timesteps [0.82s 39MB].
cdo    cat: Processed 2 variables over 1460 timesteps [25.16s 42MB].
cdo    cat: Processed 2 variables over 1460 timesteps [27.28s 43MB].
Warning (find_time_vars): Found more than one time variable, skipped variable time_centered!
Warning (cdfInqContents): Coordinates variable time_centered can't be assigned!
Warning (find_time_vars): Found more than one time variable, skipped variable time_centered!
Warning (cdfInqContents): Coordinates variable time_centered can't be assigned!Warning (find_time_vars): 
Found more than one time variable, skipped variable time_centered!
Warning (cdfInqContents): Coordinates variable time_centered can't be assigned!
Warning (find_time_vars): Found more than one time variable, skipped variable time_centered!Warning (find_time_vars): 
Found more than one time variable, skipped variable time_centered!
Warning (cdfInqContents): Coordinates variable time_centered can't be assigned!
Warning (cdfInqContents): Coordinates variable time_centered can't be assigned!
Warning (find_time_vars): Found more than one time variable, skipped variable time_centered!
Warning (cdfInqContents): Coordinates variable time_centered can't be assigned!
Warning (find_time_vars): Found more than one time variable, skipped variable time_centered!
Warning (cdfInqContents): Coordinates variable time_centered can't be assigned!
Warning (find_time_vars): Found more than one time variable, skipped variable time_centered!
Warning (cdfInqContents): Coordinates variable time_centered can't be assigned!
cdo    cat: Processed 2 variables over 12 timesteps [0.35s 35MB].
cdo    cat: Processed 2 variables over 12 timesteps [0.35s 35MB].
cdo    cat: Processed 2 variables over 12 timesteps [0.35s 35MB].
cdo    cat: Processed 2 variables over 12 timesteps [0.37s 35MB].
cdo    cat: Processed 2 variables over 12 timesteps [0.39s 35MB].
cdo    cat: Processed 2 variables over 1 timestep [0.41s 40MB].
cdo    cat: Processed 2 variables over 12 timesteps [0.41s 35MB].
cdo    cat: Processed 2 variables over 12 timesteps [0.42s 35MB].
cdo    cat: Processed 2 variables over 1 timestep [0.47s 40MB].
cdo    cat: Processed 2 variables over 12 timesteps [0.52s 35MB].
cdo    cat: Processed 2 variables over 12 timesteps [0.58s 39MB].
cdo    cat: Processed 2 variables over 12 timesteps [0.61s 39MB].
cdo    cat: Processed 2 variables over 12 timesteps [0.64s 39MB].
cdo    cat: Processed 2 variables over 1460 timesteps [25.62s 43MB].
cdo    cat: Processed 2 variables over 1460 timesteps [29.23s 44MB].
Warning (cdfInqContents): No data arrays found!
cdo    cat: Open failed on >fesom/salt.fesom.2035.int.nc<
            Unsupported file structure
Warning (find_time_vars): Found more than one time variable, skipped variable time_centered!
Warning (cdfInqContents): Coordinates variable time_centered can't be assigned!
Warning (find_time_vars): Found more than one time variable, skipped variable time_centered!
Warning (cdfInqContents): Coordinates variable time_centered can't be assigned!
Warning (find_time_vars): Found more than one time variable, skipped variable time_centered!
Warning (cdfInqContents): Coordinates variable time_centered can't be assigned!
Warning (find_time_vars): Found more than one time variable, skipped variable time_centered!
Warning (cdfInqContents): Coordinates variable time_centered can't be assigned!
Warning (find_time_vars): Found more than one time variable, skipped variable time_centered!
Warning (cdfInqContents): Coordinates variable time_centered can't be assigned!
Warning (find_time_vars): Found more than one time variable, skipped variable time_centered!
Warning (cdfInqContents): Coordinates variable time_centered can't be assigned!
Warning (find_time_vars): Found more than one time variable, skipped variable time_centered!
Warning (cdfInqContents): Coordinates variable time_centered can't be assigned!
Warning (find_time_vars): Found more than one time variable, skipped variable time_centered!
Warning (cdfInqContents): Coordinates variable time_centered can't be assigned!
cdo    cat: Processed 2 variables over 12 timesteps [0.35s 35MB].
cdo    cat: Processed 2 variables over 1 timestep [0.36s 40MB].
cdo    cat: Processed 2 variables over 12 timesteps [0.38s 35MB].
cdo    cat: Processed 2 variables over 12 timesteps [0.40s 35MB].
cdo    cat: Processed 2 variables over 12 timesteps [0.41s 35MB].
cdo    cat: Processed 2 variables over 12 timesteps [0.41s 35MB].
cdo    cat: Processed 2 variables over 12 timesteps [0.41s 35MB].
cdo    cat: Processed 2 variables over 12 timesteps [0.43s 35MB].
cdo    cat: Processed 2 variables over 12 timesteps [0.45s 35MB].
cdo    cat: Processed 2 variables over 12 timesteps [0.64s 39MB].
cdo    cat: Processed 2 variables over 12 timesteps [0.66s 39MB].
cdo    cat: Processed 2 variables over 12 timesteps [0.71s 39MB].
cdo    cat: Processed 2 variables over 1460 timesteps [25.44s 42MB].
cdo    cat: Processed 2 variables over 1460 timesteps [26.84s 44MB].
Warning (find_time_vars): Found more than one time variable, skipped variable time_centered!
Warning (cdfInqContents): Coordinates variable time_centered can't be assigned!
Warning (find_time_vars): Found more than one time variable, skipped variable time_centered!
Warning (cdfInqContents): Coordinates variable time_centered can't be assigned!
Warning (find_time_vars): Found more than one time variable, skipped variable time_centered!
Warning (cdfInqContents): Coordinates variable time_centered can't be assigned!
Warning (find_time_vars): Found more than one time variable, skipped variable time_centered!
Warning (cdfInqContents): Coordinates variable time_centered can't be assigned!
Warning (find_time_vars): Found more than one time variable, skipped variable time_centered!
Warning (cdfInqContents): Coordinates variable time_centered can't be assigned!
Warning (find_time_vars): Found more than one time variable, skipped variable time_centered!
Warning (cdfInqContents): Coordinates variable time_centered can't be assigned!
Warning (find_time_vars): Found more than one time variable, skipped variable time_centered!
Warning (cdfInqContents): Coordinates variable time_centered can't be assigned!
Warning (find_time_vars): Found more than one time variable, skipped variable time_centered!
Warning (cdfInqContents): Coordinates variable time_centered can't be assigned!
cdo    cat: Processed 2 variables over 1 timestep [0.24s 40MB].
cdo    cat: Processed 2 variables over 1 timestep [0.41s 40MB].
cdo    cat: Processed 2 variables over 12 timesteps [0.42s 35MB].
cdo    cat: Processed 2 variables over 12 timesteps [0.42s 35MB].
cdo    cat: Processed 2 variables over 12 timesteps [0.43s 35MB].
cdo    cat: Processed 2 variables over 12 timesteps [0.43s 35MB].
cdo    cat: Processed 2 variables over 12 timesteps [0.43s 35MB].
cdo    cat: Processed 2 variables over 12 timesteps [0.45s 35MB].
cdo    cat: Processed 2 variables over 12 timesteps [0.46s 35MB].
cdo    cat: Processed 2 variables over 12 timesteps [0.49s 35MB].
cdo    cat: Processed 2 variables over 12 timesteps [0.80s 39MB].
cdo    cat: Processed 2 variables over 12 timesteps [0.80s 39MB].
cdo    cat: Processed 2 variables over 12 timesteps [0.81s 39MB].
cdo    cat: Processed 2 variables over 1464 timesteps [26.25s 45MB].
cdo    cat: Processed 2 variables over 1464 timesteps [32.18s 46MB].
Warning (cdfInqContents): No data arrays found!
cdo    cat: Open failed on >fesom/salt.fesom.2037.int.nc<
            Unsupported file structure
Warning (cdfInqContents): No data arrays found!
cdo    cat: Open failed on >fesom/temp.fesom.2037.int.nc<
            Unsupported file structure
Warning (find_time_vars): Found more than one time variable, skipped variable time_centered!
Warning (cdfInqContents): Coordinates variable time_centered can't be assigned!
Warning (find_time_vars): Found more than one time variable, skipped variable time_centered!
Warning (cdfInqContents): Coordinates variable time_centered can't be assigned!
Warning (find_time_vars): Found more than one time variable, skipped variable time_centered!
Warning (cdfInqContents): Coordinates variable time_centered can't be assigned!
Warning (find_time_vars): Found more than one time variable, skipped variable time_centered!
Warning (cdfInqContents): Coordinates variable time_centered can't be assigned!
Warning (find_time_vars): Found more than one time variable, skipped variable time_centered!
Warning (cdfInqContents): Coordinates variable time_centered can't be assigned!
Warning (find_time_vars): Found more than one time variable, skipped variable time_centered!
Warning (cdfInqContents): Coordinates variable time_centered can't be assigned!
Warning (find_time_vars): Found more than one time variable, skipped variable time_centered!
Warning (cdfInqContents): Coordinates variable time_centered can't be assigned!
Warning (find_time_vars): Found more than one time variable, skipped variable time_centered!
Warning (cdfInqContents): Coordinates variable time_centered can't be assigned!
cdo    cat: Processed 2 variables over 12 timesteps [0.38s 35MB].
cdo    cat: Processed 2 variables over 12 timesteps [0.40s 35MB].
cdo    cat: Processed 2 variables over 12 timesteps [0.41s 35MB].
cdo    cat: Processed 2 variables over 12 timesteps [0.42s 35MB].
cdo    cat: Processed 2 variables over 12 timesteps [0.42s 35MB].
cdo    cat: Processed 2 variables over 12 timesteps [0.43s 35MB].
cdo    cat: Processed 2 variables over 12 timesteps [0.44s 35MB].
cdo    cat: Processed 2 variables over 12 timesteps [0.46s 35MB].
cdo    cat: Processed 2 variables over 12 timesteps [0.54s 39MB].
cdo    cat: Processed 2 variables over 12 timesteps [0.69s 39MB].
cdo    cat: Processed 2 variables over 12 timesteps [0.71s 39MB].
cdo    cat: Processed 2 variables over 1460 timesteps [24.76s 43MB].
cdo    cat: Processed 2 variables over 1460 timesteps [26.00s 40MB].
Warning (cdfInqContents): No data arrays found!
cdo    cat: Open failed on >fesom/temp.fesom.2038.int.nc<
            Unsupported file structure
Warning (find_time_vars): Found more than one time variable, skipped variable time_centered!
Warning (cdfInqContents): Coordinates variable time_centered can't be assigned!
Warning (find_time_vars): Found more than one time variable, skipped variable time_centered!
Warning (cdfInqContents): Coordinates variable time_centered can't be assigned!
Warning (find_time_vars): Found more than one time variable, skipped variable time_centered!
Warning (cdfInqContents): Coordinates variable time_centered can't be assigned!
Warning (find_time_vars): Found more than one time variable, skipped variable time_centered!
Warning (find_time_vars): Warning (cdfInqContents): Found more than one time variable, skipped variable time_centered!Coordinates variable time_centered can't be assigned!

Warning (cdfInqContents): Coordinates variable time_centered can't be assigned!
Warning (find_time_vars): Found more than one time variable, skipped variable time_centered!Warning (find_time_vars): 
Found more than one time variable, skipped variable time_centered!Warning (cdfInqContents): 
Coordinates variable time_centered can't be assigned!
Warning (cdfInqContents): Coordinates variable time_centered can't be assigned!
Warning (find_time_vars): Found more than one time variable, skipped variable time_centered!
Warning (cdfInqContents): Coordinates variable time_centered can't be assigned!
cdo    cat: Processed 2 variables over 12 timesteps [0.36s 35MB].
cdo    cat: Processed 2 variables over 12 timesteps [0.37s 35MB].
cdo    cat: Processed 2 variables over 12 timesteps [0.37s 35MB].
cdo    cat: Processed 2 variables over 12 timesteps [0.39s 35MB].
cdo    cat: Processed 2 variables over 12 timesteps [0.43s 35MB].
cdo    cat: Processed 2 variables over 1 timestep [0.44s 40MB].
cdo    cat: Processed 2 variables over 12 timesteps [0.44s 35MB].
cdo    cat: Processed 2 variables over 12 timesteps [0.45s 35MB].
cdo    cat: Processed 2 variables over 12 timesteps [0.49s 35MB].
cdo    cat: Processed 2 variables over 12 timesteps [0.64s 39MB].
cdo    cat: Processed 2 variables over 12 timesteps [0.68s 39MB].
cdo    cat: Processed 2 variables over 12 timesteps [0.71s 39MB].
cdo    cat: Processed 2 variables over 1460 timesteps [25.94s 41MB].
cdo    cat: Processed 2 variables over 1460 timesteps [45.26s 40MB].
Warning (cdfInqContents): No data arrays found!
cdo    cat: Open failed on >fesom/temp.fesom.2039.int.nc<
            Unsupported file structure
Warning (find_time_vars): Found more than one time variable, skipped variable time_centered!
Warning (cdfInqContents): Coordinates variable time_centered can't be assigned!
Warning (find_time_vars): Found more than one time variable, skipped variable time_centered!
Warning (cdfInqContents): Coordinates variable time_centered can't be assigned!
Warning (find_time_vars): Found more than one time variable, skipped variable time_centered!
Warning (cdfInqContents): Coordinates variable time_centered can't be assigned!
Warning (find_time_vars): Found more than one time variable, skipped variable time_centered!
Warning (cdfInqContents): Coordinates variable time_centered can't be assigned!
Warning (find_time_vars): Found more than one time variable, skipped variable time_centered!
Warning (cdfInqContents): Coordinates variable time_centered can't be assigned!
Warning (find_time_vars): Found more than one time variable, skipped variable time_centered!
Warning (cdfInqContents): Coordinates variable time_centered can't be assigned!
Warning (find_time_vars): Found more than one time variable, skipped variable time_centered!
Warning (cdfInqContents): Coordinates variable time_centered can't be assigned!
Warning (find_time_vars): Found more than one time variable, skipped variable time_centered!
Warning (cdfInqContents): Coordinates variable time_centered can't be assigned!
cdo    cat: Processed 2 variables over 12 timesteps [0.36s 35MB].
cdo    cat: Processed 2 variables over 12 timesteps [0.38s 35MB].
cdo    cat: Processed 2 variables over 12 timesteps [0.44s 35MB].
cdo    cat: Processed 2 variables over 12 timesteps [0.44s 35MB].
cdo    cat: Processed 2 variables over 12 timesteps [0.44s 35MB].
cdo    cat: Processed 2 variables over 12 timesteps [0.45s 35MB].
cdo    cat: Processed 2 variables over 12 timesteps [0.48s 35MB].
cdo    cat: Processed 2 variables over 12 timesteps [0.49s 35MB].
cdo    cat: Processed 2 variables over 1 timestep [0.49s 40MB].
cdo    cat: Processed 2 variables over 12 timesteps [0.62s 39MB].
cdo    cat: Processed 2 variables over 12 timesteps [0.62s 39MB].
cdo    cat: Processed 2 variables over 12 timesteps [0.68s 39MB].
cdo    cat: Processed 2 variables over 1460 timesteps [25.32s 42MB].
cdo    cat: Processed 2 variables over 1460 timesteps [25.87s 41MB].
Warning (find_time_vars): Found more than one time variable, skipped variable time_centered!
Warning (cdfInqContents): Coordinates variable time_centered can't be assigned!
Warning (find_time_vars): Found more than one time variable, skipped variable time_centered!
Warning (cdfInqContents): Coordinates variable time_centered can't be assigned!
Warning (find_time_vars): Found more than one time variable, skipped variable time_centered!
Warning (cdfInqContents): Coordinates variable time_centered can't be assigned!
Warning (find_time_vars): Found more than one time variable, skipped variable time_centered!
Warning (cdfInqContents): Coordinates variable time_centered can't be assigned!
Warning (find_time_vars): Found more than one time variable, skipped variable time_centered!
Warning (cdfInqContents): Coordinates variable time_centered can't be assigned!
Warning (find_time_vars): Found more than one time variable, skipped variable time_centered!
Warning (cdfInqContents): Coordinates variable time_centered can't be assigned!
Warning (find_time_vars): Found more than one time variable, skipped variable time_centered!
Warning (cdfInqContents): Coordinates variable time_centered can't be assigned!
Warning (find_time_vars): Found more than one time variable, skipped variable time_centered!
Warning (cdfInqContents): Coordinates variable time_centered can't be assigned!
cdo    cat: Processed 2 variables over 1 timestep [0.25s 40MB].
cdo    cat: Processed 2 variables over 12 timesteps [0.34s 35MB].
cdo    cat: Processed 2 variables over 12 timesteps [0.36s 35MB].
cdo    cat: Processed 2 variables over 12 timesteps [0.37s 35MB].
cdo    cat: Processed 2 variables over 12 timesteps [0.38s 35MB].
cdo    cat: Processed 2 variables over 12 timesteps [0.40s 35MB].
cdo    cat: Processed 2 variables over 12 timesteps [0.41s 35MB].
cdo    cat: Processed 2 variables over 12 timesteps [0.43s 35MB].
cdo    cat: Processed 2 variables over 12 timesteps [0.46s 35MB].
cdo    cat: Processed 2 variables over 1 timestep [0.49s 40MB].
cdo    cat: Processed 2 variables over 12 timesteps [0.62s 39MB].
cdo    cat: Processed 2 variables over 12 timesteps [0.65s 39MB].
cdo    cat: Processed 2 variables over 12 timesteps [0.68s 39MB].
cdo    cat: Processed 2 variables over 1464 timesteps [40.86s 42MB].
cdo    cat: Processed 2 variables over 1464 timesteps [47.23s 43MB].
Warning (find_time_vars): Found more than one time variable, skipped variable time_centered!
Warning (cdfInqContents): Coordinates variable time_centered can't be assigned!
Warning (find_time_vars): Found more than one time variable, skipped variable time_centered!
Warning (cdfInqContents): Coordinates variable time_centered can't be assigned!
Warning (find_time_vars): Found more than one time variable, skipped variable time_centered!
Warning (cdfInqContents): Coordinates variable time_centered can't be assigned!
Warning (find_time_vars): Found more than one time variable, skipped variable time_centered!
Warning (cdfInqContents): Coordinates variable time_centered can't be assigned!
Warning (find_time_vars): Found more than one time variable, skipped variable time_centered!
Warning (cdfInqContents): Coordinates variable time_centered can't be assigned!
Warning (find_time_vars): Found more than one time variable, skipped variable time_centered!
Warning (cdfInqContents): Coordinates variable time_centered can't be assigned!
Warning (find_time_vars): Found more than one time variable, skipped variable time_centered!
Warning (cdfInqContents): Coordinates variable time_centered can't be assigned!
Warning (find_time_vars): Found more than one time variable, skipped variable time_centered!
Warning (cdfInqContents): Coordinates variable time_centered can't be assigned!
cdo    cat: Processed 2 variables over 12 timesteps [0.47s 35MB].
cdo    cat: Processed 2 variables over 12 timesteps [0.47s 35MB].
cdo    cat: Processed 2 variables over 12 timesteps [0.47s 35MB].
cdo    cat: Processed 2 variables over 1 timestep [0.51s 40MB].
cdo    cat: Processed 2 variables over 12 timesteps [0.53s 35MB].
cdo    cat: Processed 2 variables over 12 timesteps [0.56s 35MB].
cdo    cat: Processed 2 variables over 12 timesteps [0.57s 35MB].
cdo    cat: Processed 2 variables over 12 timesteps [0.57s 35MB].
cdo    cat: Processed 2 variables over 12 timesteps [0.59s 35MB].
cdo    cat: Processed 2 variables over 1 timestep [0.63s 40MB].
cdo    cat: Processed 2 variables over 12 timesteps [0.71s 39MB].
cdo    cat: Processed 2 variables over 12 timesteps [0.71s 39MB].
cdo    cat: Processed 2 variables over 12 timesteps [0.86s 39MB].
cdo    cat: Processed 2 variables over 1460 timesteps [28.51s 43MB].
cdo    cat: Processed 2 variables over 1460 timesteps [28.76s 44MB].
Warning (find_time_vars): Found more than one time variable, skipped variable time_centered!
Warning (cdfInqContents): Coordinates variable time_centered can't be assigned!
Warning (find_time_vars): Found more than one time variable, skipped variable time_centered!
Warning (cdfInqContents): Coordinates variable time_centered can't be assigned!
Warning (find_time_vars): Found more than one time variable, skipped variable time_centered!
Warning (cdfInqContents): Coordinates variable time_centered can't be assigned!
Warning (find_time_vars): Found more than one time variable, skipped variable time_centered!
Warning (cdfInqContents): Coordinates variable time_centered can't be assigned!
Warning (find_time_vars): Found more than one time variable, skipped variable time_centered!
Warning (cdfInqContents): Coordinates variable time_centered can't be assigned!
Warning (find_time_vars): Found more than one time variable, skipped variable time_centered!
Warning (cdfInqContents): Coordinates variable time_centered can't be assigned!
Warning (find_time_vars): Found more than one time variable, skipped variable time_centered!
Warning (cdfInqContents): Coordinates variable time_centered can't be assigned!
Warning (find_time_vars): Found more than one time variable, skipped variable time_centered!
Warning (cdfInqContents): Coordinates variable time_centered can't be assigned!
cdo    cat: Processed 2 variables over 12 timesteps [0.35s 35MB].
cdo    cat: Processed 2 variables over 12 timesteps [0.37s 35MB].
cdo    cat: Processed 2 variables over 12 timesteps [0.36s 35MB].
cdo    cat: Processed 2 variables over 12 timesteps [0.38s 35MB].
cdo    cat: Processed 2 variables over 12 timesteps [0.40s 35MB].
cdo    cat: Processed 2 variables over 12 timesteps [0.40s 35MB].
cdo    cat: Processed 2 variables over 12 timesteps [0.41s 35MB].
cdo    cat: Processed 2 variables over 12 timesteps [0.43s 35MB].
cdo    cat: Processed 2 variables over 1 timestep [0.45s 40MB].
cdo    cat: Processed 2 variables over 1 timestep [0.51s 40MB].
cdo    cat: Processed 2 variables over 12 timesteps [0.63s 39MB].
cdo    cat: Processed 2 variables over 12 timesteps [0.70s 39MB].
cdo    cat: Processed 2 variables over 12 timesteps [0.71s 39MB].
cdo    cat: Processed 2 variables over 1460 timesteps [27.14s 45MB].
cdo    cat: Processed 2 variables over 1460 timesteps [37.12s 44MB].
Warning (find_time_vars): Found more than one time variable, skipped variable time_centered!
Warning (cdfInqContents): Coordinates variable time_centered can't be assigned!
Warning (find_time_vars): Found more than one time variable, skipped variable time_centered!
Warning (cdfInqContents): Coordinates variable time_centered can't be assigned!
Warning (find_time_vars): Found more than one time variable, skipped variable time_centered!
Warning (cdfInqContents): Coordinates variable time_centered can't be assigned!
Warning (find_time_vars): Found more than one time variable, skipped variable time_centered!
Warning (cdfInqContents): Coordinates variable time_centered can't be assigned!
Warning (find_time_vars): Found more than one time variable, skipped variable time_centered!
Warning (cdfInqContents): Coordinates variable time_centered can't be assigned!
Warning (find_time_vars): Found more than one time variable, skipped variable time_centered!
Warning (cdfInqContents): Coordinates variable time_centered can't be assigned!
Warning (find_time_vars): Found more than one time variable, skipped variable time_centered!
Warning (cdfInqContents): Coordinates variable time_centered can't be assigned!
Warning (find_time_vars): Found more than one time variable, skipped variable time_centered!
Warning (cdfInqContents): Coordinates variable time_centered can't be assigned!
cdo    cat: Processed 2 variables over 12 timesteps [0.43s 36MB].
cdo    cat: Processed 2 variables over 12 timesteps [0.45s 36MB].
cdo    cat: Processed 2 variables over 12 timesteps [0.45s 36MB].
cdo    cat: Processed 2 variables over 12 timesteps [0.46s 36MB].
cdo    cat: Processed 2 variables over 12 timesteps [0.47s 36MB].
cdo    cat: Processed 2 variables over 12 timesteps [0.47s 36MB].
cdo    cat: Processed 2 variables over 12 timesteps [0.48s 36MB].
cdo    cat: Processed 2 variables over 12 timesteps [0.49s 36MB].
cdo    cat: Processed 2 variables over 1 timestep [0.50s 40MB].
cdo    cat: Processed 2 variables over 1 timestep [0.52s 40MB].
cdo    cat: Processed 2 variables over 12 timesteps [0.69s 39MB].
cdo    cat: Processed 2 variables over 12 timesteps [0.69s 39MB].
cdo    cat: Processed 2 variables over 12 timesteps [0.72s 39MB].
cdo    cat: Processed 2 variables over 1460 timesteps [25.02s 44MB].
cdo    cat: Processed 2 variables over 1460 timesteps [26.16s 48MB].
Warning (cdfInqContents): No data arrays found!
cdo    cat: Open failed on >fesom/temp.fesom.2044.int.nc<
            Unsupported file structure
Warning (find_time_vars): Found more than one time variable, skipped variable time_centered!
Warning (cdfInqContents): Coordinates variable time_centered can't be assigned!
Warning (find_time_vars): Found more than one time variable, skipped variable time_centered!
Warning (cdfInqContents): Coordinates variable time_centered can't be assigned!
Warning (find_time_vars): Found more than one time variable, skipped variable time_centered!
Warning (cdfInqContents): Coordinates variable time_centered can't be assigned!
Warning (find_time_vars): Found more than one time variable, skipped variable time_centered!
Warning (cdfInqContents): Coordinates variable time_centered can't be assigned!
Warning (find_time_vars): Found more than one time variable, skipped variable time_centered!
Warning (cdfInqContents): Coordinates variable time_centered can't be assigned!
Warning (find_time_vars): Found more than one time variable, skipped variable time_centered!
Warning (cdfInqContents): Coordinates variable time_centered can't be assigned!
Warning (find_time_vars): Found more than one time variable, skipped variable time_centered!
Warning (cdfInqContents): Coordinates variable time_centered can't be assigned!
Warning (find_time_vars): Found more than one time variable, skipped variable time_centered!
Warning (cdfInqContents): Coordinates variable time_centered can't be assigned!
cdo    cat: Processed 2 variables over 1 timestep [0.21s 40MB].
cdo    cat: Processed 2 variables over 12 timesteps [0.33s 36MB].
cdo    cat: Processed 2 variables over 12 timesteps [0.36s 36MB].
cdo    cat: Processed 2 variables over 12 timesteps [0.40s 36MB].
cdo    cat: Processed 2 variables over 12 timesteps [0.41s 36MB].
cdo    cat: Processed 2 variables over 12 timesteps [0.42s 36MB].
cdo    cat: Processed 2 variables over 12 timesteps [0.45s 36MB].
cdo    cat: Processed 2 variables over 12 timesteps [0.46s 36MB].
cdo    cat: Processed 2 variables over 12 timesteps [0.46s 36MB].
cdo    cat: Processed 2 variables over 12 timesteps [0.63s 39MB].
cdo    cat: Processed 2 variables over 12 timesteps [0.68s 39MB].
cdo    cat: Processed 2 variables over 12 timesteps [0.68s 39MB].
cdo    cat: Processed 2 variables over 1464 timesteps [26.66s 45MB].
cdo    cat: Processed 2 variables over 1464 timesteps [26.74s 45MB].
Warning (cdfInqContents): No data arrays found!
cdo    cat: Open failed on >fesom/salt.fesom.2045.int.nc<
            Unsupported file structure
Warning (find_time_vars): Found more than one time variable, skipped variable time_centered!
Warning (cdfInqContents): Coordinates variable time_centered can't be assigned!
Warning (find_time_vars): Found more than one time variable, skipped variable time_centered!
Warning (cdfInqContents): Coordinates variable time_centered can't be assigned!
Warning (find_time_vars): Found more than one time variable, skipped variable time_centered!
Warning (cdfInqContents): Coordinates variable time_centered can't be assigned!
Warning (find_time_vars): Found more than one time variable, skipped variable time_centered!
Warning (cdfInqContents): Coordinates variable time_centered can't be assigned!
Warning (find_time_vars): Found more than one time variable, skipped variable time_centered!
Warning (cdfInqContents): Coordinates variable time_centered can't be assigned!
Warning (find_time_vars): Found more than one time variable, skipped variable time_centered!
Warning (cdfInqContents): Coordinates variable time_centered can't be assigned!
Warning (find_time_vars): Found more than one time variable, skipped variable time_centered!
Warning (cdfInqContents): Coordinates variable time_centered can't be assigned!
Warning (find_time_vars): Found more than one time variable, skipped variable time_centered!
Warning (cdfInqContents): Coordinates variable time_centered can't be assigned!
cdo    cat: Processed 2 variables over 1 timestep [0.23s 40MB].
cdo    cat: Processed 2 variables over 12 timesteps [0.34s 36MB].
cdo    cat: Processed 2 variables over 12 timesteps [0.37s 36MB].
cdo    cat: Processed 2 variables over 12 timesteps [0.38s 36MB].
cdo    cat: Processed 2 variables over 12 timesteps [0.41s 36MB].
cdo    cat: Processed 2 variables over 12 timesteps [0.44s 36MB].
cdo    cat: Processed 2 variables over 12 timesteps [0.44s 36MB].
cdo    cat: Processed 2 variables over 12 timesteps [0.45s 36MB].
cdo    cat: Processed 2 variables over 12 timesteps [0.50s 36MB].
cdo    cat: Processed 2 variables over 12 timesteps [0.61s 39MB].
cdo    cat: Processed 2 variables over 12 timesteps [0.65s 39MB].
cdo    cat: Processed 2 variables over 12 timesteps [0.66s 39MB].
cdo    cat: Processed 2 variables over 1460 timesteps [30.84s 45MB].
cdo    cat: Processed 2 variables over 1460 timesteps [45.46s 45MB].
Warning (cdfInqContents): No data arrays found!
cdo    cat: Open failed on >fesom/temp.fesom.2046.int.nc<
            Unsupported file structure
Warning (find_time_vars): Found more than one time variable, skipped variable time_centered!Warning (find_time_vars): 
Found more than one time variable, skipped variable time_centered!Warning (find_time_vars): 
Warning (cdfInqContents): Found more than one time variable, skipped variable time_centered!Coordinates variable time_centered can't be assigned!
Warning (cdfInqContents): 
Coordinates variable time_centered can't be assigned!Warning (cdfInqContents): 
Coordinates variable time_centered can't be assigned!
Warning (find_time_vars): Found more than one time variable, skipped variable time_centered!
Warning (find_time_vars): Warning (cdfInqContents): Found more than one time variable, skipped variable time_centered!Coordinates variable time_centered can't be assigned!

Warning (find_time_vars): Warning (cdfInqContents): Found more than one time variable, skipped variable time_centered!Coordinates variable time_centered can't be assigned!

Warning (find_time_vars): Warning (cdfInqContents): Found more than one time variable, skipped variable time_centered!Coordinates variable time_centered can't be assigned!

Warning (find_time_vars): Warning (cdfInqContents): Found more than one time variable, skipped variable time_centered!Coordinates variable time_centered can't be assigned!

Warning (cdfInqContents): Coordinates variable time_centered can't be assigned!
cdo    cat: Processed 2 variables over 12 timesteps [0.42s 35MB].
cdo    cat: Processed 2 variables over 12 timesteps [0.44s 35MB].
cdo    cat: Processed 2 variables over 12 timestepscdo    cat:  [0.46s 35MB]Processed 2 variables. over 12 timesteps
 [0.46s 35MB].
cdo    cat: Processed 2 variables over 12 timesteps [0.46s 35MB].
cdo    cat: Processed 2 variables over 1 timestep [0.47s 40MB].
cdo    cat: Processed 2 variables over 12 timesteps [0.48s 35MB].
cdo    cat: Processed 2 variables over 12 timesteps [0.49s 35MB].
cdo    cat: Processed 2 variables over 12 timesteps [0.49s 35MB].
cdo    cat: Processed 2 variables over 12 timesteps [0.67s 39MB].
cdo    cat: Processed 2 variables over 12 timesteps [0.71s 39MB].
cdo    cat: Processed 2 variables over 12 timesteps [0.74s 39MB].
cdo    cat: Processed 2 variables over 1460 timesteps [25.69s 44MB].
cdo    cat: Processed 2 variables over 1460 timesteps [26.09s 45MB].
Warning (find_time_vars): Found more than one time variable, skipped variable time_centered!
Warning (cdfInqContents): Coordinates variable time_centered can't be assigned!
Warning (find_time_vars): Found more than one time variable, skipped variable time_centered!
Warning (cdfInqContents): Coordinates variable time_centered can't be assigned!
Warning (find_time_vars): Found more than one time variable, skipped variable time_centered!
Warning (cdfInqContents): Coordinates variable time_centered can't be assigned!
Warning (find_time_vars): Warning (find_time_vars): Warning (find_time_vars): Found more than one time variable, skipped variable time_centered!Found more than one time variable, skipped variable time_centered!Found more than one time variable, skipped variable time_centered!


Warning (cdfInqContents): Warning (cdfInqContents): Warning (cdfInqContents): Coordinates variable time_centered can't be assigned!Coordinates variable time_centered can't be assigned!Coordinates variable time_centered can't be assigned!


Warning (find_time_vars): Found more than one time variable, skipped variable time_centered!
Warning (cdfInqContents): Coordinates variable time_centered can't be assigned!
Warning (find_time_vars): Found more than one time variable, skipped variable time_centered!
Warning (cdfInqContents): Coordinates variable time_centered can't be assigned!
cdo    cat: Processed 2 variables over 12 timesteps [0.46s 36MB].
cdo    cat: Processed 2 variables over 12 timesteps [0.46s 36MB].
cdo    cat: Processed 2 variables over 12 timesteps [0.49s 36MB].
cdo    cat: Processed 2 variables over 12 timesteps [0.49s 36MB].
cdo    cat: Processed 2 variables over 12 timesteps [0.51s 36MB].
cdo    cat: Processed 2 variables over 12 timesteps [0.54s 36MB].
cdo    cat: Processed 2 variables over 12 timesteps [0.54s 36MB].
cdo    cat: Processed 2 variables over 1 timestep [0.56s 40MB].
cdo    cat: Processed 2 variables over 12 timesteps [0.57s 36MB].
cdo    cat: Processed 2 variables over 1 timestep [0.60s 40MB].
cdo    cat: Processed 2 variables over 12 timesteps [0.73s 39MB].
cdo    cat: Processed 2 variables over 12 timesteps [0.80s 39MB].
cdo    cat: Processed 2 variables over 12 timesteps [0.79s 39MB].
cdo    cat: Processed 2 variables over 1460 timesteps [25.56s 45MB].
cdo    cat: Processed 2 variables over 1460 timesteps [26.32s 44MB].
Warning (find_time_vars): Found more than one time variable, skipped variable time_centered!
Warning (cdfInqContents): Coordinates variable time_centered can't be assigned!
Warning (find_time_vars): Found more than one time variable, skipped variable time_centered!
Warning (cdfInqContents): Coordinates variable time_centered can't be assigned!
Warning (find_time_vars): Found more than one time variable, skipped variable time_centered!
Warning (cdfInqContents): Coordinates variable time_centered can't be assigned!
Warning (find_time_vars): Found more than one time variable, skipped variable time_centered!
Warning (cdfInqContents): Coordinates variable time_centered can't be assigned!
Warning (find_time_vars): Found more than one time variable, skipped variable time_centered!
Warning (cdfInqContents): Coordinates variable time_centered can't be assigned!
Warning (find_time_vars): Found more than one time variable, skipped variable time_centered!
Warning (cdfInqContents): Coordinates variable time_centered can't be assigned!
Warning (find_time_vars): Found more than one time variable, skipped variable time_centered!
Warning (cdfInqContents): Coordinates variable time_centered can't be assigned!
Warning (find_time_vars): Found more than one time variable, skipped variable time_centered!
Warning (cdfInqContents): Coordinates variable time_centered can't be assigned!
cdo    cat: Processed 2 variables over 12 timesteps [0.35s 35MB].
cdo    cat: Processed 2 variables over 12 timesteps [0.38s 35MB].
cdo    cat: Processed 2 variables over 12 timesteps [0.38s 35MB].
cdo    cat: Processed 2 variables over 12 timesteps [0.40s 35MB].
cdo    cat: Processed 2 variables over 12 timesteps [0.40s 35MB].
cdo    cat: Processed 2 variables over 12 timesteps [0.41s 35MB].
cdo    cat: Processed 2 variables over 12 timesteps [0.42s 35MB].
cdo    cat: Processed 2 variables over 12 timesteps [0.45s 35MB].
cdo    cat: Processed 2 variables over 1 timestep [0.47s 40MB].
cdo    cat: Processed 2 variables over 1 timestep [0.54s 41MB].
cdo    cat: Processed 2 variables over 12 timesteps [0.62s 39MB].
cdo    cat: Processed 2 variables over 12 timesteps [0.62s 39MB].
cdo    cat: Processed 2 variables over 12 timesteps [0.67s 39MB].
cdo    cat: Processed 2 variables over 1464 timesteps [31.31s 41MB].
cdo    cat: Processed 2 variables over 1464 timesteps [31.75s 44MB].
Warning (find_time_vars): Found more than one time variable, skipped variable time_centered!
Warning (cdfInqContents): Coordinates variable time_centered can't be assigned!
Warning (find_time_vars): Found more than one time variable, skipped variable time_centered!
Warning (cdfInqContents): Coordinates variable time_centered can't be assigned!
Warning (find_time_vars): Found more than one time variable, skipped variable time_centered!
Warning (cdfInqContents): Coordinates variable time_centered can't be assigned!
Warning (find_time_vars): Found more than one time variable, skipped variable time_centered!
Warning (cdfInqContents): Coordinates variable time_centered can't be assigned!
Warning (find_time_vars): Found more than one time variable, skipped variable time_centered!
Warning (cdfInqContents): Coordinates variable time_centered can't be assigned!
Warning (find_time_vars): Found more than one time variable, skipped variable time_centered!
Warning (cdfInqContents): Coordinates variable time_centered can't be assigned!
Warning (find_time_vars): Found more than one time variable, skipped variable time_centered!
Warning (cdfInqContents): Coordinates variable time_centered can't be assigned!
Warning (find_time_vars): Found more than one time variable, skipped variable time_centered!
Warning (cdfInqContents): Coordinates variable time_centered can't be assigned!
cdo    cat: Processed 2 variables over 12 timesteps [0.41s 36MB].
cdo    cat: Processed 2 variables over 12 timesteps [0.41s 36MB].
cdo    cat: Processed 2 variables over 12 timesteps [0.43s 36MB].
cdo    cat: Processed 2 variables over 12 timesteps [0.46s 36MB].
cdo    cat: Processed 2 variables over 12 timesteps [0.46s 36MB].
cdo    cat: Processed 2 variables over 1 timestep [0.48s 40MB].
cdo    cat: Processed 2 variables over 12 timesteps [0.48s 36MB].
cdo    cat: Processed 2 variables over 1 timestep [0.49s 40MB].
cdo    cat: Processed 2 variables over 12 timesteps [0.50s 36MB].
cdo    cat: Processed 2 variables over 12 timesteps [0.51s 36MB].
cdo    cat: Processed 2 variables over 12 timesteps [0.72s 39MB].
cdo    cat: Processed 2 variables over 12 timesteps [0.72s 39MB].
cdo    cat: Processed 2 variables over 12 timesteps [0.73s 39MB].
cdo    cat: Processed 2 variables over 1460 timesteps [26.40s 41MB].
cdo    cat: Processed 2 variables over 1460 timesteps [34.97s 42MB].
################
# remap FESOM2 #
################
cdo(1) selname: Process started
cdo(2) setgrid: Process started
cdo(1) selname: Process started
cdo(2) setgrid: Process started
cdo    gencon: YAC first order conservative weights from unstructured (3160340) to lonlat (180x91) grid
cdo    gencon: YAC first order conservative weights from unstructured (3160340) to lonlat (180x91) grid
cdo(2) setgrid: Processed 1 variable over 18 timesteps.
cdo(1) selname: Processed 227544480 values from 1 variable over 18 timesteps.
cdo    gencon: Processed 3160340 values from 1 variable over 1 timestep [78.77s 3301MB].
cdo(2) setgrid: Processed 1 variable over 19 timesteps.
cdo(1) selname: Processed 240185840 values from 1 variable over 19 timesteps.
cdo    gencon: Processed 3160340 values from 1 variable over 1 timestep [81.41s 3301MB].
cdo(1) remap: Process started
cdo(2) setctomiss: Process started
cdo(3) selname: Process started
cdo(4) setgrid: Process started
cdo(1) remap: Process started
cdo(2) setctomiss: Process started
cdo(3) selname: Process started
cdo(4) setgrid: Process started
cdo(1) remap: YAC first order conservative weights from unstructured (3160340) to lonlat (180x91) grid, with source mask (2746375)
cdo(1) remap: YAC first order conservative weights from unstructured (3160340) to lonlat (180x91) grid, with source mask (2746375)
cdo(1) remap: YAC first order conservative weights from unstructured (3160340) to lonlat (180x91) grid, with source mask (2236060)
cdo(1) remap: YAC first order conservative weights from unstructured (3160340) to lonlat (180x91) grid, with source mask (2236060)
cdo(1) remap: YAC first order conservative weights from unstructured (3160340) to lonlat (180x91) grid, with source mask (1136737)
cdo(1) remap: YAC first order conservative weights from unstructured (3160340) to lonlat (180x91) grid, with source mask (1136737)
cdo(4) setgrid: Processed 1 variable over 19 timesteps.
cdo(3) selname: Processed 240185840 values from 1 variable over 19 timesteps.
cdo(2) setctomiss: Processed 240185840 values from 1 variable over 19 timesteps.
cdo(1) remap: Processed 240185840 values from 1 variable over 19 timesteps.
cdo    splitlevel: Processed 1244880 values from 1 variable over 19 timesteps [217.45s 8811MB].
cdo(4) setgrid: Processed 1 variable over 18 timesteps.
cdo(3) selname: Processed 227544480 values from 1 variable over 18 timesteps.
cdo(2) setctomiss: Processed 227544480 values from 1 variable over 18 timesteps.
cdo(1) remap: Processed 227544480 values from 1 variable over 18 timesteps.
cdo    splitlevel: Processed 1179360 values from 1 variable over 18 timesteps [220.38s 8810MB].
cdo(1) selname: Process started
cdo(2) setgrid: Process started
cdo    gencon: YAC first order conservative weights from unstructured (3160340) to lonlat (180x91) grid
cdo(2) setgrid: Processed 1 variable over 300 timesteps.
cdo(1) selname: Processed 948102000 values from 1 variable over 300 timesteps.
cdo    gencon: Processed 3160340 values from 1 variable over 1 timestep [100.15s 3299MB].
cdo(1) selname: Process started
cdo(2) setgrid: Process started
cdo(2) setgrid: Processed 1 variable over 300 timesteps.
cdo(1) selname: Processed 948102000 values from 1 variable over 300 timesteps.
cdo    remap: Processed 948102000 values from 1 variable over 300 timesteps [18.38s 1918MB].
cdo(1) chname: Process started
cdo(1) chname: Process started
cdo(1) chname: Processed 1 variable over 300 timesteps.
cdo    splitseas: Processed 948102000 values from 1 variable over 300 timesteps [28.09s 134MB].
cdo(1) chname: Processed 1 variable over 300 timesteps.
cdo    splitseas: Processed 948102000 values from 1 variable over 300 timesteps [28.94s 134MB].
cdo(1) selname: Process started
cdo(2) setgrid: Process started
cdo    gencon: YAC first order conservative weights from unstructured (3160340) to lonlat (180x91) grid
cdo(2) setgrid: Processed 1 variable over 75 timesteps.
cdo(1) selname: Processed 237025500 values from 1 variable over 75 timesteps.
cdo    gencon: Processed 3160340 values from 1 variable over 1 timestep [75.30s 3299MB].
cdo(1) selname: Process started
cdo(2) setgrid: Process started
cdo    gencon: YAC first order conservative weights from unstructured (3160340) to lonlat (180x91) grid
cdo(2) setgrid: Processed 1 variable over 75 timesteps.
cdo(1) selname: Processed 237025500 values from 1 variable over 75 timesteps.
cdo    gencon: Processed 3160340 values from 1 variable over 1 timestep [74.45s 3299MB].
cdo(1) timstd: Process started
cdo(2) selname: Process started
cdo(1) timstd: Process started
cdo(3) setgrid: Process started
cdo(2) selname: Process started
cdo(3) setgrid: Process started
cdo(1) timstd: Process started
cdo(2) selname: Process started
cdo(3) setgrid: Process started
cdo(1) timstd: Process started
cdo(2) selname: Process started
cdo(3) setgrid: Process started
cdo(1) timstd: Process started
cdo(2) selname: Process started
cdo(1) timstd: Process started
cdo(3) setgrid: Process started
cdo(2) selname: Process started
cdo(3) setgrid: Process started
cdo(1) timstd: Process started
cdo(2) selname: Process started
cdo(3) setgrid: Process started
cdo(1) timstd: Process started
cdo(2) selname: Process started
cdo(3) setgrid: Process started
cdo(3) setgrid: Processed 1 variable over 75 timesteps.
cdo(2) selname: Processed 237025500 values from 1 variable over 75 timesteps.
cdo(1) timstd: Processed 237025500 values from 1 variable over 75 timesteps.
cdo(3) setgrid: Processed 1 variable over 75 timesteps.
cdo(2) selname: Processed 237025500 values from 1 variable over 75 timesteps.
cdo(3) setgrid: Processed 1 variable over 75 timesteps.
cdo(1) timstd: Processed 237025500 values from 1 variable over 75 timesteps.
cdo(2) selname: Processed 237025500 values from 1 variable over 75 timesteps.
cdo    remap: cdo(1) timstd: Processed 3160340 values from 1 variableProcessed 237025500 values from 1 variable over 1 timestep over 75 timesteps. [3.60s 1986MB]
.
cdo(3) setgrid: Processed 1 variable over 75 timesteps.
cdo(2) selname: Processed 237025500 values from 1 variable over 75 timesteps.
cdo(1) timstd: Processed 237025500 values from 1 variable over 75 timesteps.
cdo    remap: Processed 3160340 values from 1 variable over 1 timestep [3.64s 1986MB].
cdo    remap: Processed 3160340 values from 1 variable over 1 timestep [3.66s 1986MB].
cdo    remap: Processed 3160340 values from 1 variable over 1 timestep [3.69s 1986MB].
cdo(3) setgrid: Processed 1 variable over 75 timesteps.
cdo(2) selname: Processed 237025500 values from 1 variable over 75 timesteps.
cdo(1) timstd: Processed 237025500 values from 1 variable over 75 timesteps.
cdo(3) setgrid: Processed 1 variable over 75 timesteps.
cdo(2) selname: Processed 237025500 values from 1 variable over 75 timesteps.
cdo    remap: Processed 3160340 values from 1 variable over 1 timestep [3.85s 1986MB].
cdo(1) timstd: Processed 237025500 values from 1 variable over 75 timesteps.
cdo(3) setgrid: Processed 1 variable over 75 timesteps.
cdo(2) selname: Processed 237025500 values from 1 variable over 75 timesteps.
cdo(1) timstd: Processed 237025500 values from 1 variable over 75 timesteps.
cdo    remap: Processed 3160340 values from 1 variable over 1 timestep [3.91s 1986MB].
cdo    remap: Processed 3160340 values from 1 variable over 1 timestep [3.96s 1986MB].
cdo(3) setgrid: Processed 1 variable over 75 timesteps.
cdo(2) selname: Processed 237025500 values from 1 variable over 75 timesteps.
cdo(1) timstd: Processed 237025500 values from 1 variable over 75 timesteps.
cdo    remap: Processed 3160340 values from 1 variable over 1 timestep [4.17s 1986MB].
#################
# remap OpenIFS #
#################
cdo    remapbil: Bilinear weights from lonlat (1312x640) to lonlat (180x91) grid
cdo    remapbil: Bilinear weights from lonlat (1312x640) to lonlat (180x91) grid
cdo    remapbil: Bilinear weights from lonlat (1312x640) to lonlat (180x91) grid
cdo    remapbil: Bilinear weights from lonlat (1312x640) to lonlat (180x91) grid
cdo    remapbil: Bilinear weights from lonlat (1312x640) to lonlat (180x91) grid
cdo    remapbil: Bilinear weights from lonlat (1312x640) to lonlat (180x91) grid
cdo    remapbil: Bilinear weights from lonlat (1312x640) to lonlat (180x91) grid
cdo    remapbil: Bilinear weights from lonlat (1312x640) to lonlat (180x91) grid
cdo    remapbil: Bilinear weights from lonlat (1312x640) to lonlat (180x91) grid
cdo    remapbil: Bilinear weights from lonlat (1312x640) to lonlat (180x91) grid
cdo    remapbil: Processed 1 variable over 300 timesteps [5.60s 56MB].
cdo    remapbil: Processed 1 variable over 300 timesteps [5.67s 57MB].
cdo    remapbil: Processed 1 variable over 300 timesteps [5.73s 57MB].
cdo    remapbil: Processed 1 variable over 300 timesteps [5.77s 56MB].
cdo    remapbil: Processed 1 variable over 300 timesteps [6.03s 56MB].
cdo    remapbil: Processed 1 variable over 300 timesteps [6.04s 56MB].
cdo    remapbil: Processed 1 variable over 300 timesteps [6.06s 56MB].
cdo    remapbil: Processed 1 variable over 300 timesteps [6.18s 57MB].
cdo    remapbil: Processed 1 variable over 35064 timesteps [826.49s 112MB].
cdo    remapbil: Processed 1 variable over 36524 timesteps [856.69s 115MB].
########################################
# quasi CMORize data so it matches obs #
########################################
cdo    chname: Processed 1 variable over 300 timesteps [0.26s 26MB].
cdo    chname: Processed 1 variable over 300 timesteps [0.23s 26MB].
cdo    mulc: Processed 1 variable over 300 timesteps [0.24s 26MB].
cdo    chname: Processed 1 variable over 300 timesteps [0.30s 26MB].
cdo    mulc: Processed 1 variable over 300 timesteps [0.16s 26MB].
cdo    chname: Processed 1 variable over 300 timesteps [0.30s 26MB].
cdo    divc: Processed 1 variable over 300 timesteps [0.15s 26MB].
cdo    chname: Processed 1 variable over 300 timesteps [0.28s 26MB].
cdo    divc: Processed 1 variable over 300 timesteps [0.14s 26MB].
cdo    chname: Processed 1 variable over 300 timesteps [0.21s 26MB].
cdo    add: Processed 2 variables over 600 timesteps [0.27s 35MB].
cdo    divc: Processed 1 variable over 300 timesteps [0.22s 26MB].
cdo    chname: Processed 1 variable over 300 timesteps [0.22s 26MB].
cdo    chname: Processed 1 variable over 300 timesteps [0.30s 26MB].
cdo    chname: Processed 1 variable over 36524 timesteps [74.64s 89MB].
cdo(1) divc: Process started
cdo    chname: Processed 1 variable over 35064 timesteps [81.31s 88MB].
./noncmore_preprocess_AWI-CM3-XIOS_6h.sh: line 180: 269104 Segmentation fault      cdo chname,MLD1,mlotst -divc,-1 MLD1_${tmpstr}_remap.nc mlotst_${tmpstr}.nc
cdo    divc: Processed 1 variable over 36524 timesteps [14.93s 87MB].
cdo(1) yseasmean: Process started
cdo(1) yseasmean: Process started
cdo(1) yseasmean: Process started
cdo(1) yseasmean: Process started
cdo(1) yseasmean: Process started
cdo(1) yseasmean: Process started
cdo(1) yseasmean: Process started
cdo(1) yseasmean: Process started
cdo(1) yseasmean: Process started
cdo(1) yseasmean: Process started
cdo(1) yseasmean: Open failed on >mlotst_analysis_cmpi_period.nc<
                  Unknown Error
cdo    chname: Processed 1 variable over 18 timesteps [0.05s 19MB].
cdo    chname: Processed 1 variable over 18 timesteps [0.05s 19MB].
cdo    chname: Processed 1 variable over 18 timesteps [0.06s 19MB].
cdo    chname: Processed 1 variable over 18 timesteps [0.06s 19MB].
cdo    chname: Processed 1 variable over 19 timesteps [0.07s 19MB].
cdo    chname: Processed 1 variable over 19 timesteps [0.08s 19MB].
cdo    chname: Processed 1 variable over 19 timesteps [0.08s 19MB].
cdo    chname: Processed 1 variable over 19 timesteps [0.08s 19MB].
cdo(1) yseasmean: Processed 1 variable over 300 timesteps.
cdo    splitseas: Processed 65520 values from 1 variable over 4 timesteps [0.12s 25MB].
cdo(1) yseasmean: Processed 1 variable over 300 timesteps.
cdo(1) yseasmean: Processed 1 variable over 300 timesteps.
cdo(1) yseasmean: Processed 1 variable over 300 timesteps.
cdo(1) yseasmean: Processed 1 variable over 300 timesteps.
cdo(1) yseasmean: Processed 1 variable over 300 timesteps.
cdo    splitseas: Processed 65520 values from 1 variable over 4 timesteps [0.12s 25MB].
cdo    splitseas: Processed 65520 values from 1 variable over 4 timesteps [0.13s 25MB].
cdo    splitseas: Processed 65520 values from 1 variable over 4 timesteps [0.13s 25MB].
cdo    splitseas: Processed 65520 values from 1 variable over 4 timesteps [0.12s 25MB].
cdo    splitseas: Processed 65520 values from 1 variable over 4 timesteps [0.13s 25MB].
cdo(1) yseasmean: Processed 1 variable over 300 timesteps.
cdo    splitseas: Processed 65520 values from 1 variable over 4 timesteps [0.14s 25MB].
cdo(1) yseasmean: Processed 1 variable over 35064 timesteps.
cdo    splitseas: Processed 65520 values from 1 variable over 4 timesteps [6.38s 52MB].
cdo(1) yseasmean: Processed 1 variable over 36524 timesteps.
cdo    splitseas: Processed 65520 values from 1 variable over 4 timesteps [6.87s 53MB].
cdo(1) yseasmean: Process started
cdo(1) yseasmean: Process started
cdo(1) yseasmean: Process started
cdo(1) yseasmean: Process started
cdo(1) yseasmean: Process started
cdo(1) yseasmean: Process started
cdo(1) yseasmean: Process started
cdo(1) yseasmean: Process started
cdo(1) yseasmean: Processed 1 variable over 18 timesteps.
cdo(1) yseasmean: Processed 1 variable over 18 timesteps.
cdo    splitseas: Processed 16380 values from 1 variable over 1 timestep [0.04s 19MB].
cdo    splitseas: Processed 16380 values from 1 variable over 1 timestep [0.03s 19MB].
cdo(1) yseasmean: Processed 1 variable over 19 timesteps.
cdo(1) yseasmean: Processed 1 variable over 19 timesteps.
cdo    splitseas: Processed 16380 values from 1 variable over 1 timestep [0.04s 19MB].
cdo(1) yseasmean: Processed 1 variable over 18 timesteps.
cdo(1) yseasmean: Processed 1 variable over 18 timesteps.
cdo(1) yseasmean: Processed 1 variable over 19 timesteps.
cdo    splitseas: Processed 16380 values from 1 variable over 1 timestep [0.04s 19MB].
cdo(1) yseasmean: cdo    splitseas: cdo    splitseas: Processed 1 variableProcessed 16380 values from 1 variableProcessed 16380 values from 1 variable over 19 timesteps over 1 timestep over 1 timestep. [0.04s 19MB] [0.04s 19MB]
..cdo    splitseas: 

Processed 16380 values from 1 variable over 1 timestep [0.04s 19MB].
cdo    splitseas: Processed 16380 values from 1 variable over 1 timestep [0.04s 19MB].
Deleting tmp data
